#
# There is insufficient memory for the Java Runtime Environment to continue.
# Native memory allocation (mmap) failed to map 37748736 bytes for Failed to commit area from 0x00000000d2d00000 to 0x00000000d5100000 of length 37748736.
# Possible reasons:
#   The system is out of physical RAM or swap space
#   The process is running with CompressedOops enabled, and the Java Heap may be blocking the growth of the native heap
# Possible solutions:
#   Reduce memory load on the system
#   Increase physical memory or swap space
#   Check if swap backing store is full
#   Decrease Java heap size (-Xmx/-Xms)
#   Decrease number of Java threads
#   Decrease Java thread stack sizes (-Xss)
#   Set larger code cache with -XX:ReservedCodeCacheSize=
#   JVM is running with Unscaled Compressed Oops mode in which the Java heap is
#     placed in the first 4GB address space. The Java Heap base address is the
#     maximum limit for the native heap growth. Please use -XX:HeapBaseMinAddress
#     to set the Java Heap base and to place the Java Heap above 4GB virtual address.
# This output file may be truncated or incomplete.
#
#  Out of Memory Error (./src/hotspot/os/windows/os_windows.cpp:3301), pid=17688, tid=18884
#
# JRE version: OpenJDK Runtime Environment AdoptOpenJDK (11.0.10+9) (build 11.0.10+9)
# Java VM: OpenJDK 64-Bit Server VM AdoptOpenJDK (11.0.10+9, mixed mode, tiered, compressed oops, g1 gc, windows-amd64)
# No core dump will be written. Minidumps are not enabled by default on client versions of Windows
#

---------------  S U M M A R Y ------------

Command Line: -Dhttps.protocols=TLSv1,TLSv1.1,TLSv1.2 

Host: Intel(R) Core(TM) M-5Y10c CPU @ 0.80GHz, 4 cores, 3G,  Windows 10 , 64 bit Build 18362 (10.0.18362.1110)
Time: Sat Jul  3 16:47:29 2021 Pakistan Standard Time elapsed time: 25.524225 seconds (0d 0h 0m 25s)

---------------  T H R E A D  ---------------

Current thread (0x000000001fe2b800):  VMThread "VM Thread" [stack: 0x0000000020690000,0x0000000020890000] [id=18884]

Stack: [0x0000000020690000,0x0000000020890000]
[error occurred during error reporting (printing stack bounds), id 0xc0000005, EXCEPTION_ACCESS_VIOLATION (0xc0000005) at pc=0x000000000b9e0f2d]

Native frames: (J=compiled Java code, j=interpreted, Vv=VM code, C=native code)
V  [jvm.dll+0x5f35ea]
V  [jvm.dll+0x77c65e]
V  [jvm.dll+0x77dd2f]
V  [jvm.dll+0x77e355]
V  [jvm.dll+0x77e30b]
V  [jvm.dll+0x5f2ad3]
V  [jvm.dll+0x5f31e8]
C  [ntdll.dll+0xa184f]
C  [ntdll.dll+0x6a889]
C  [ntdll.dll+0xa04be]
C  0x000000000b9e0f2d

VM_Operation (0x000000003542e5a0): G1CollectForAllocation, mode: safepoint, requested by thread 0x0000000024487000


---------------  P R O C E S S  ---------------

Threads class SMR info:
_java_thread_list=0x000000002b9d8370, length=34, elements={
0x0000000003319000, 0x000000001fe2e000, 0x000000001fe37000, 0x000000001fe41000,
0x000000001fe41800, 0x000000001fe46800, 0x000000001fe4f000, 0x000000001fe50000,
0x000000001fe59800, 0x0000000020f0e800, 0x00000000221fb000, 0x00000000223dd800,
0x00000000223da000, 0x00000000223dc000, 0x00000000223de000, 0x00000000223df000,
0x00000000223dc800, 0x00000000223e0000, 0x0000000023cb8800, 0x0000000023cba000,
0x0000000023cb7800, 0x0000000023cb9000, 0x0000000023cb6000, 0x0000000023cbc800,
0x0000000023cb6800, 0x0000000023cc2000, 0x0000000023cc3000, 0x0000000023cc0800,
0x0000000023cc1000, 0x0000000023cbd000, 0x0000000023cbe000, 0x0000000024485000,
0x0000000024487000, 0x000000002d3d6800
}

Java Threads: ( => current thread )
  0x0000000003319000 JavaThread "main" [_thread_blocked, id=6036, stack(0x00000000004e0000,0x00000000006e0000)]
  0x000000001fe2e000 JavaThread "Reference Handler" daemon [_thread_blocked, id=14164, stack(0x0000000020890000,0x0000000020a90000)]
  0x000000001fe37000 JavaThread "Finalizer" daemon [_thread_blocked, id=18632, stack(0x0000000020a90000,0x0000000020c90000)]
  0x000000001fe41000 JavaThread "Signal Dispatcher" daemon [_thread_blocked, id=8904, stack(0x0000000021190000,0x0000000021390000)]
  0x000000001fe41800 JavaThread "Attach Listener" daemon [_thread_blocked, id=17720, stack(0x0000000021390000,0x0000000021590000)]
  0x000000001fe46800 JavaThread "Service Thread" daemon [_thread_blocked, id=3924, stack(0x0000000021590000,0x0000000021790000)]
  0x000000001fe4f000 JavaThread "C2 CompilerThread0" daemon [_thread_blocked, id=7540, stack(0x0000000021790000,0x0000000021990000)]
  0x000000001fe50000 JavaThread "C1 CompilerThread0" daemon [_thread_blocked, id=15384, stack(0x0000000021990000,0x0000000021b90000)]
  0x000000001fe59800 JavaThread "Sweeper thread" daemon [_thread_blocked, id=17304, stack(0x0000000021b90000,0x0000000021d90000)]
  0x0000000020f0e800 JavaThread "Common-Cleaner" daemon [_thread_blocked, id=14104, stack(0x0000000021f90000,0x0000000022190000)]
  0x00000000221fb000 JavaThread "JavaFX-Launcher" [_thread_blocked, id=16540, stack(0x0000000022990000,0x0000000022b90000)]
  0x00000000223dd800 JavaThread "QuantumRenderer-0" daemon [_thread_blocked, id=9944, stack(0x0000000022e20000,0x0000000023020000)]
  0x00000000223da000 JavaThread "InvokeLaterDispatcher" daemon [_thread_blocked, id=16416, stack(0x0000000023400000,0x0000000023600000)]
  0x00000000223dc000 JavaThread "JavaFX Application Thread" [_thread_blocked, id=16892, stack(0x00000000245d0000,0x00000000247d0000)]
  0x00000000223de000 JavaThread "Thread-2" daemon [_thread_blocked, id=9844, stack(0x0000000029160000,0x0000000029360000)]
  0x00000000223df000 JavaThread "Thread-3" [_thread_blocked, id=18660, stack(0x0000000029360000,0x0000000029560000)]
  0x00000000223dc800 JavaThread "Java2D Disposer" daemon [_thread_blocked, id=16516, stack(0x000000002c480000,0x000000002c680000)]
  0x00000000223e0000 JavaThread "AWT-Windows" daemon [_thread_in_native, id=5536, stack(0x000000002c880000,0x000000002ca80000)]
  0x0000000023cb8800 JavaThread "AWT-Shutdown" [_thread_blocked, id=10676, stack(0x000000002f850000,0x000000002fa50000)]
  0x0000000023cba000 JavaThread "AWT-EventQueue-0" [_thread_blocked, id=8172, stack(0x000000002fa50000,0x000000002fc50000)]
  0x0000000023cb7800 JavaThread "Prism Font Disposer" daemon [_thread_blocked, id=16916, stack(0x000000002c680000,0x000000002c880000)]
  0x0000000023cb9000 JavaThread "SwingNode Disposer" daemon [_thread_blocked, id=12716, stack(0x0000000031070000,0x0000000031270000)]
  0x0000000023cb6000 JavaThread "pool-2-thread-1" [_thread_blocked, id=1588, stack(0x0000000031b80000,0x0000000031d80000)]
  0x0000000023cbc800 JavaThread "JDI Internal Event Handler" daemon [_thread_blocked, id=17516, stack(0x0000000032980000,0x0000000032b80000)]
  0x0000000023cb6800 JavaThread "JDI Target VM Interface" daemon [_thread_in_native, id=15708, stack(0x0000000032b80000,0x0000000032d80000)]
  0x0000000023cc2000 JavaThread "BlueJ I/O Handler" [_thread_in_native, id=12060, stack(0x0000000032d80000,0x0000000032f80000)]
  0x0000000023cc3000 JavaThread "BlueJ I/O Handler" [_thread_in_native, id=7096, stack(0x0000000032f80000,0x0000000033180000)]
  0x0000000023cc0800 JavaThread "BlueJ I/O Handler" [_thread_blocked, id=9684, stack(0x0000000033180000,0x0000000033380000)]
  0x0000000023cc1000 JavaThread "Thread-10" [_thread_blocked, id=16020, stack(0x0000000033380000,0x0000000033580000)]
  0x0000000023cbd000 JavaThread "vm-event-handler" [_thread_blocked, id=2012, stack(0x0000000033580000,0x0000000033780000)]
  0x0000000023cbe000 JavaThread "Disposer" daemon [_thread_blocked, id=14836, stack(0x000000002ca80000,0x000000002cc80000)]
  0x0000000024485000 JavaThread "Cleaner-0" daemon [_thread_blocked, id=19084, stack(0x0000000033f80000,0x0000000034180000)]
  0x0000000024487000 JavaThread "BlueJ compiler thread" [_thread_blocked, id=11404, stack(0x0000000035230000,0x0000000035430000)]
  0x000000002d3d6800 JavaThread "C2 CompilerThread1" daemon [_thread_blocked, id=15676, stack(0x0000000036430000,0x0000000036630000)]

Other Threads:
=>0x000000001fe2b800 VMThread "VM Thread" [stack: 0x0000000020690000,0x0000000020890000] [id=18884]
  0x0000000020f04000 WatcherThread [stack: 0x0000000021d90000,0x0000000021f90000] [id=18376]
  0x0000000003331000 GCTaskThread "GC Thread#0" [stack: 0x0000000002cb0000,0x0000000002eb0000] [id=6804]
  0x00000000236ac800 GCTaskThread "GC Thread#1" [stack: 0x0000000029560000,0x0000000029760000] [id=16600]
  0x00000000236db000 GCTaskThread "GC Thread#2" [stack: 0x0000000029760000,0x0000000029960000] [id=7004]
  0x00000000236cd000 GCTaskThread "GC Thread#3" [stack: 0x0000000029960000,0x0000000029b60000] [id=1164]
  0x000000000334e800 ConcurrentGCThread "G1 Main Marker" [stack: 0x000000001d050000,0x000000001d250000] [id=17716]
  0x0000000003350000 ConcurrentGCThread "G1 Conc#0" [stack: 0x000000001d250000,0x000000001d450000] [id=17236]
  0x00000000033a9000 ConcurrentGCThread "G1 Refine#0" [stack: 0x000000001f890000,0x000000001fa90000] [id=1016]
  0x0000000023952800 ConcurrentGCThread "G1 Refine#1" [stack: 0x000000002d080000,0x000000002d280000] [id=3312]
  0x00000000033ab800 ConcurrentGCThread "G1 Young RemSet Sampling" [stack: 0x000000001fa90000,0x000000001fc90000] [id=4120]

Threads with active compile tasks:
C1 CompilerThread0  25607 7634       3       com.sun.tools.javac.parser.JavacParser::term3 (2482 bytes)

VM state:at safepoint (normal execution)

VM Mutex/Monitor currently owned by a thread:  ([mutex/lock_event])
[0x0000000003315a60] Threads_lock - owner thread: 0x000000001fe2b800
[0x0000000003315d30] Heap_lock - owner thread: 0x0000000024487000

Heap address: 0x00000000c1400000, size: 1004 MB, Compressed Oops mode: 32-bit
Narrow klass base: 0x0000000000000000, Narrow klass shift: 3
Compressed class space size: 1073741824 Address: 0x0000000100000000

Heap:
 garbage-first heap   total 324608K, used 85603K [0x00000000c1400000, 0x0000000100000000)
  region size 1024K, 4 young (4096K), 4 survivors (4096K)
 Metaspace       used 64028K, capacity 66700K, committed 66860K, reserved 1105920K
  class space    used 8457K, capacity 9590K, committed 9600K, reserved 1048576K
Heap Regions: E=young(eden), S=young(survivor), O=old, HS=humongous(starts), HC=humongous(continues), CS=collection set, F=free, A=archive, TAMS=top-at-mark-start (previous, next)
|   0|0x00000000c1400000, 0x00000000c1500000, 0x00000000c1500000|100%| O|  |TAMS 0x00000000c1500000, 0x00000000c1400000| Complete 
|   1|0x00000000c1500000, 0x00000000c1600000, 0x00000000c1600000|100%| O|  |TAMS 0x00000000c1600000, 0x00000000c1500000| Untracked 
|   2|0x00000000c1600000, 0x00000000c1700000, 0x00000000c1700000|100%| O|  |TAMS 0x00000000c1700000, 0x00000000c1600000| Complete 
|   3|0x00000000c1700000, 0x00000000c1800000, 0x00000000c1800000|100%| O|  |TAMS 0x00000000c1800000, 0x00000000c1700000| Complete 
|   4|0x00000000c1800000, 0x00000000c1900000, 0x00000000c1900000|100%| O|  |TAMS 0x00000000c1900000, 0x00000000c1800000| Untracked 
|   5|0x00000000c1900000, 0x00000000c1a00000, 0x00000000c1a00000|100%| O|  |TAMS 0x00000000c1a00000, 0x00000000c1900000| Untracked 
|   6|0x00000000c1a00000, 0x00000000c1b00000, 0x00000000c1b00000|100%| O|  |TAMS 0x00000000c1b00000, 0x00000000c1a00000| Untracked 
|   7|0x00000000c1b00000, 0x00000000c1c00000, 0x00000000c1c00000|100%| O|  |TAMS 0x00000000c1c00000, 0x00000000c1b00000| Untracked 
|   8|0x00000000c1c00000, 0x00000000c1d00000, 0x00000000c1d00000|100%| O|  |TAMS 0x00000000c1d00000, 0x00000000c1c00000| Untracked 
|   9|0x00000000c1d00000, 0x00000000c1e00000, 0x00000000c1e00000|100%| O|  |TAMS 0x00000000c1e00000, 0x00000000c1d00000| Complete 
|  10|0x00000000c1e00000, 0x00000000c1f00000, 0x00000000c1f00000|100%| O|  |TAMS 0x00000000c1f00000, 0x00000000c1e00000| Untracked 
|  11|0x00000000c1f00000, 0x00000000c2000000, 0x00000000c2000000|100%| O|  |TAMS 0x00000000c2000000, 0x00000000c1f00000| Complete 
|  12|0x00000000c2000000, 0x00000000c2100000, 0x00000000c2100000|100%| O|  |TAMS 0x00000000c2100000, 0x00000000c2000000| Complete 
|  13|0x00000000c2100000, 0x00000000c2200000, 0x00000000c2200000|100%| O|  |TAMS 0x00000000c2200000, 0x00000000c2100000| Complete 
|  14|0x00000000c2200000, 0x00000000c2300000, 0x00000000c2300000|100%| O|  |TAMS 0x00000000c2300000, 0x00000000c2200000| Untracked 
|  15|0x00000000c2300000, 0x00000000c2400000, 0x00000000c2400000|100%| O|  |TAMS 0x00000000c2400000, 0x00000000c2300000| Untracked 
|  16|0x00000000c2400000, 0x00000000c2500000, 0x00000000c2500000|100%| O|  |TAMS 0x00000000c2500000, 0x00000000c2400000| Untracked 
|  17|0x00000000c2500000, 0x00000000c2600000, 0x00000000c2600000|100%| O|  |TAMS 0x00000000c2600000, 0x00000000c2500000| Untracked 
|  18|0x00000000c2600000, 0x00000000c2700000, 0x00000000c2700000|100%|HS|  |TAMS 0x00000000c2700000, 0x00000000c2600000| Complete 
|  19|0x00000000c2700000, 0x00000000c2800000, 0x00000000c2800000|100%|HC|  |TAMS 0x00000000c2800000, 0x00000000c2700000| Complete 
|  20|0x00000000c2800000, 0x00000000c2900000, 0x00000000c2900000|100%| O|  |TAMS 0x00000000c2900000, 0x00000000c2800000| Untracked 
|  21|0x00000000c2900000, 0x00000000c2a00000, 0x00000000c2a00000|100%| O|  |TAMS 0x00000000c2a00000, 0x00000000c2900000| Untracked 
|  22|0x00000000c2a00000, 0x00000000c2b00000, 0x00000000c2b00000|100%| O|  |TAMS 0x00000000c2b00000, 0x00000000c2a00000| Complete 
|  23|0x00000000c2b00000, 0x00000000c2c00000, 0x00000000c2c00000|100%| O|  |TAMS 0x00000000c2c00000, 0x00000000c2b00000| Complete 
|  24|0x00000000c2c00000, 0x00000000c2d00000, 0x00000000c2d00000|100%| O|  |TAMS 0x00000000c2d00000, 0x00000000c2c00000| Complete 
|  25|0x00000000c2d00000, 0x00000000c2e00000, 0x00000000c2e00000|100%| O|  |TAMS 0x00000000c2e00000, 0x00000000c2d00000| Complete 
|  26|0x00000000c2e00000, 0x00000000c2f00000, 0x00000000c2f00000|100%| O|  |TAMS 0x00000000c2f00000, 0x00000000c2e00000| Complete 
|  27|0x00000000c2f00000, 0x00000000c3000000, 0x00000000c3000000|100%| O|  |TAMS 0x00000000c3000000, 0x00000000c2f00000| Complete 
|  28|0x00000000c3000000, 0x00000000c3100000, 0x00000000c3100000|100%| O|  |TAMS 0x00000000c3100000, 0x00000000c3000000| Complete 
|  29|0x00000000c3100000, 0x00000000c3200000, 0x00000000c3200000|100%| O|  |TAMS 0x00000000c3200000, 0x00000000c3100000| Complete 
|  30|0x00000000c3200000, 0x00000000c3300000, 0x00000000c3300000|100%| O|  |TAMS 0x00000000c3300000, 0x00000000c3200000| Complete 
|  31|0x00000000c3300000, 0x00000000c3400000, 0x00000000c3400000|100%| O|  |TAMS 0x00000000c3400000, 0x00000000c3300000| Complete 
|  32|0x00000000c3400000, 0x00000000c3500000, 0x00000000c3500000|100%| O|  |TAMS 0x00000000c3500000, 0x00000000c3400000| Complete 
|  33|0x00000000c3500000, 0x00000000c3600000, 0x00000000c3600000|100%| O|  |TAMS 0x00000000c3600000, 0x00000000c3500000| Complete 
|  34|0x00000000c3600000, 0x00000000c3700000, 0x00000000c3700000|100%| O|  |TAMS 0x00000000c3700000, 0x00000000c3600000| Complete 
|  35|0x00000000c3700000, 0x00000000c3800000, 0x00000000c3800000|100%| O|  |TAMS 0x00000000c3800000, 0x00000000c3700000| Complete 
|  36|0x00000000c3800000, 0x00000000c3900000, 0x00000000c3900000|100%| O|  |TAMS 0x00000000c3900000, 0x00000000c3800000| Complete 
|  37|0x00000000c3900000, 0x00000000c3a00000, 0x00000000c3a00000|100%| O|  |TAMS 0x00000000c3a00000, 0x00000000c3900000| Complete 
|  38|0x00000000c3a00000, 0x00000000c3b00000, 0x00000000c3b00000|100%| O|  |TAMS 0x00000000c3b00000, 0x00000000c3a00000| Complete 
|  39|0x00000000c3b00000, 0x00000000c3c00000, 0x00000000c3c00000|100%| O|  |TAMS 0x00000000c3c00000, 0x00000000c3b00000| Complete 
|  40|0x00000000c3c00000, 0x00000000c3d00000, 0x00000000c3d00000|100%| O|  |TAMS 0x00000000c3d00000, 0x00000000c3c00000| Complete 
|  41|0x00000000c3d00000, 0x00000000c3e00000, 0x00000000c3e00000|100%| O|  |TAMS 0x00000000c3e00000, 0x00000000c3d00000| Complete 
|  42|0x00000000c3e00000, 0x00000000c3f00000, 0x00000000c3f00000|100%| O|  |TAMS 0x00000000c3f00000, 0x00000000c3e00000| Untracked 
|  43|0x00000000c3f00000, 0x00000000c4000000, 0x00000000c4000000|100%| O|  |TAMS 0x00000000c4000000, 0x00000000c3f00000| Complete 
|  44|0x00000000c4000000, 0x00000000c4100000, 0x00000000c4100000|100%| O|  |TAMS 0x00000000c4100000, 0x00000000c4000000| Complete 
|  45|0x00000000c4100000, 0x00000000c4200000, 0x00000000c4200000|100%| O|  |TAMS 0x00000000c4200000, 0x00000000c4100000| Untracked 
|  46|0x00000000c4200000, 0x00000000c4300000, 0x00000000c4300000|100%| O|  |TAMS 0x00000000c4300000, 0x00000000c4200000| Untracked 
|  47|0x00000000c4300000, 0x00000000c4400000, 0x00000000c4400000|100%| O|  |TAMS 0x00000000c4400000, 0x00000000c4300000| Untracked 
|  48|0x00000000c4400000, 0x00000000c4500000, 0x00000000c4500000|100%| O|  |TAMS 0x00000000c4500000, 0x00000000c4400000| Untracked 
|  49|0x00000000c4500000, 0x00000000c4600000, 0x00000000c4600000|100%| O|  |TAMS 0x00000000c4600000, 0x00000000c4500000| Complete 
|  50|0x00000000c4600000, 0x00000000c4700000, 0x00000000c4700000|100%| O|  |TAMS 0x00000000c4700000, 0x00000000c4600000| Complete 
|  51|0x00000000c4700000, 0x00000000c4800000, 0x00000000c4800000|100%| O|  |TAMS 0x00000000c4800000, 0x00000000c4700000| Complete 
|  52|0x00000000c4800000, 0x00000000c4900000, 0x00000000c4900000|100%| O|  |TAMS 0x00000000c4900000, 0x00000000c4800000| Complete 
|  53|0x00000000c4900000, 0x00000000c4a00000, 0x00000000c4a00000|100%| O|  |TAMS 0x00000000c4a00000, 0x00000000c4900000| Complete 
|  54|0x00000000c4a00000, 0x00000000c4b00000, 0x00000000c4b00000|100%| O|  |TAMS 0x00000000c4b00000, 0x00000000c4a00000| Complete 
|  55|0x00000000c4b00000, 0x00000000c4c00000, 0x00000000c4c00000|100%| O|  |TAMS 0x00000000c4c00000, 0x00000000c4b00000| Complete 
|  56|0x00000000c4c00000, 0x00000000c4d00000, 0x00000000c4d00000|100%| O|  |TAMS 0x00000000c4d00000, 0x00000000c4c00000| Complete 
|  57|0x00000000c4d00000, 0x00000000c4e00000, 0x00000000c4e00000|100%| O|  |TAMS 0x00000000c4e00000, 0x00000000c4d00000| Complete 
|  58|0x00000000c4e00000, 0x00000000c4f00000, 0x00000000c4f00000|100%| O|  |TAMS 0x00000000c4f00000, 0x00000000c4e00000| Complete 
|  59|0x00000000c4f00000, 0x00000000c5000000, 0x00000000c5000000|100%| O|  |TAMS 0x00000000c5000000, 0x00000000c4f00000| Complete 
|  60|0x00000000c5000000, 0x00000000c5100000, 0x00000000c5100000|100%| O|  |TAMS 0x00000000c5100000, 0x00000000c5000000| Complete 
|  61|0x00000000c5100000, 0x00000000c5200000, 0x00000000c5200000|100%| O|  |TAMS 0x00000000c5200000, 0x00000000c5100000| Complete 
|  62|0x00000000c5200000, 0x00000000c5300000, 0x00000000c5300000|100%| O|  |TAMS 0x00000000c5300000, 0x00000000c5200000| Complete 
|  63|0x00000000c5300000, 0x00000000c5400000, 0x00000000c5400000|100%| O|  |TAMS 0x00000000c5400000, 0x00000000c5300000| Complete 
|  64|0x00000000c5400000, 0x00000000c5500000, 0x00000000c5500000|100%| O|  |TAMS 0x00000000c5500000, 0x00000000c5400000| Complete 
|  65|0x00000000c5500000, 0x00000000c5600000, 0x00000000c5600000|100%| O|  |TAMS 0x00000000c5600000, 0x00000000c5500000| Untracked 
|  66|0x00000000c5600000, 0x00000000c5600000, 0x00000000c5700000|  0%| F|  |TAMS 0x00000000c5600000, 0x00000000c5600000| Untracked 
|  67|0x00000000c5700000, 0x00000000c5700000, 0x00000000c5800000|  0%| F|  |TAMS 0x00000000c5700000, 0x00000000c5700000| Untracked 
|  68|0x00000000c5800000, 0x00000000c5800000, 0x00000000c5900000|  0%| F|  |TAMS 0x00000000c5800000, 0x00000000c5800000| Untracked 
|  69|0x00000000c5900000, 0x00000000c5900000, 0x00000000c5a00000|  0%| F|  |TAMS 0x00000000c5900000, 0x00000000c5900000| Untracked 
|  70|0x00000000c5a00000, 0x00000000c5a00000, 0x00000000c5b00000|  0%| F|  |TAMS 0x00000000c5a00000, 0x00000000c5a00000| Untracked 
|  71|0x00000000c5b00000, 0x00000000c5b00000, 0x00000000c5c00000|  0%| F|  |TAMS 0x00000000c5b00000, 0x00000000c5b00000| Untracked 
|  72|0x00000000c5c00000, 0x00000000c5c00000, 0x00000000c5d00000|  0%| F|  |TAMS 0x00000000c5c00000, 0x00000000c5c00000| Untracked 
|  73|0x00000000c5d00000, 0x00000000c5d00000, 0x00000000c5e00000|  0%| F|  |TAMS 0x00000000c5d00000, 0x00000000c5d00000| Untracked 
|  74|0x00000000c5e00000, 0x00000000c5e00000, 0x00000000c5f00000|  0%| F|  |TAMS 0x00000000c5e00000, 0x00000000c5e00000| Untracked 
|  75|0x00000000c5f00000, 0x00000000c5f00000, 0x00000000c6000000|  0%| F|  |TAMS 0x00000000c5f00000, 0x00000000c5f00000| Untracked 
|  76|0x00000000c6000000, 0x00000000c6000000, 0x00000000c6100000|  0%| F|  |TAMS 0x00000000c6000000, 0x00000000c6000000| Untracked 
|  77|0x00000000c6100000, 0x00000000c6100000, 0x00000000c6200000|  0%| F|  |TAMS 0x00000000c6100000, 0x00000000c6100000| Untracked 
|  78|0x00000000c6200000, 0x00000000c6200000, 0x00000000c6300000|  0%| F|  |TAMS 0x00000000c6200000, 0x00000000c6200000| Untracked 
|  79|0x00000000c6300000, 0x00000000c6300000, 0x00000000c6400000|  0%| F|  |TAMS 0x00000000c6300000, 0x00000000c6300000| Untracked 
|  80|0x00000000c6400000, 0x00000000c6400000, 0x00000000c6500000|  0%| F|  |TAMS 0x00000000c6400000, 0x00000000c6400000| Untracked 
|  81|0x00000000c6500000, 0x00000000c6500000, 0x00000000c6600000|  0%| F|  |TAMS 0x00000000c6500000, 0x00000000c6500000| Untracked 
|  82|0x00000000c6600000, 0x00000000c6600000, 0x00000000c6700000|  0%| F|  |TAMS 0x00000000c6600000, 0x00000000c6600000| Untracked 
|  83|0x00000000c6700000, 0x00000000c6700000, 0x00000000c6800000|  0%| F|  |TAMS 0x00000000c6700000, 0x00000000c6700000| Untracked 
|  84|0x00000000c6800000, 0x00000000c6800000, 0x00000000c6900000|  0%| F|  |TAMS 0x00000000c6800000, 0x00000000c6800000| Untracked 
|  85|0x00000000c6900000, 0x00000000c6900000, 0x00000000c6a00000|  0%| F|  |TAMS 0x00000000c6900000, 0x00000000c6900000| Untracked 
|  86|0x00000000c6a00000, 0x00000000c6a00000, 0x00000000c6b00000|  0%| F|  |TAMS 0x00000000c6a00000, 0x00000000c6a00000| Untracked 
|  87|0x00000000c6b00000, 0x00000000c6b00000, 0x00000000c6c00000|  0%| F|  |TAMS 0x00000000c6b00000, 0x00000000c6b00000| Untracked 
|  88|0x00000000c6c00000, 0x00000000c6c00000, 0x00000000c6d00000|  0%| F|  |TAMS 0x00000000c6c00000, 0x00000000c6c00000| Untracked 
|  89|0x00000000c6d00000, 0x00000000c6d00000, 0x00000000c6e00000|  0%| F|  |TAMS 0x00000000c6d00000, 0x00000000c6d00000| Untracked 
|  90|0x00000000c6e00000, 0x00000000c6e00000, 0x00000000c6f00000|  0%| F|  |TAMS 0x00000000c6e00000, 0x00000000c6e00000| Untracked 
|  91|0x00000000c6f00000, 0x00000000c6f00000, 0x00000000c7000000|  0%| F|  |TAMS 0x00000000c6f00000, 0x00000000c6f00000| Untracked 
|  92|0x00000000c7000000, 0x00000000c7000000, 0x00000000c7100000|  0%| F|  |TAMS 0x00000000c7000000, 0x00000000c7000000| Untracked 
|  93|0x00000000c7100000, 0x00000000c7100000, 0x00000000c7200000|  0%| F|  |TAMS 0x00000000c7100000, 0x00000000c7100000| Untracked 
|  94|0x00000000c7200000, 0x00000000c7200000, 0x00000000c7300000|  0%| F|  |TAMS 0x00000000c7200000, 0x00000000c7200000| Untracked 
|  95|0x00000000c7300000, 0x00000000c7300000, 0x00000000c7400000|  0%| F|  |TAMS 0x00000000c7300000, 0x00000000c7300000| Untracked 
|  96|0x00000000c7400000, 0x00000000c7400000, 0x00000000c7500000|  0%| F|  |TAMS 0x00000000c7400000, 0x00000000c7400000| Untracked 
|  97|0x00000000c7500000, 0x00000000c7500000, 0x00000000c7600000|  0%| F|  |TAMS 0x00000000c7500000, 0x00000000c7500000| Untracked 
|  98|0x00000000c7600000, 0x00000000c7600000, 0x00000000c7700000|  0%| F|  |TAMS 0x00000000c7600000, 0x00000000c7600000| Untracked 
|  99|0x00000000c7700000, 0x00000000c7700000, 0x00000000c7800000|  0%| F|  |TAMS 0x00000000c7700000, 0x00000000c7700000| Untracked 
| 100|0x00000000c7800000, 0x00000000c7800000, 0x00000000c7900000|  0%| F|  |TAMS 0x00000000c7800000, 0x00000000c7800000| Untracked 
| 101|0x00000000c7900000, 0x00000000c7900000, 0x00000000c7a00000|  0%| F|  |TAMS 0x00000000c7900000, 0x00000000c7900000| Untracked 
| 102|0x00000000c7a00000, 0x00000000c7a00000, 0x00000000c7b00000|  0%| F|  |TAMS 0x00000000c7a00000, 0x00000000c7a00000| Untracked 
| 103|0x00000000c7b00000, 0x00000000c7b00000, 0x00000000c7c00000|  0%| F|  |TAMS 0x00000000c7b00000, 0x00000000c7b00000| Untracked 
| 104|0x00000000c7c00000, 0x00000000c7c00000, 0x00000000c7d00000|  0%| F|  |TAMS 0x00000000c7c00000, 0x00000000c7c00000| Untracked 
| 105|0x00000000c7d00000, 0x00000000c7d00000, 0x00000000c7e00000|  0%| F|  |TAMS 0x00000000c7d00000, 0x00000000c7d00000| Untracked 
| 106|0x00000000c7e00000, 0x00000000c7e00000, 0x00000000c7f00000|  0%| F|  |TAMS 0x00000000c7e00000, 0x00000000c7e00000| Untracked 
| 107|0x00000000c7f00000, 0x00000000c7f00000, 0x00000000c8000000|  0%| F|  |TAMS 0x00000000c7f00000, 0x00000000c7f00000| Untracked 
| 108|0x00000000c8000000, 0x00000000c8000000, 0x00000000c8100000|  0%| F|  |TAMS 0x00000000c8000000, 0x00000000c8000000| Untracked 
| 109|0x00000000c8100000, 0x00000000c8100000, 0x00000000c8200000|  0%| F|  |TAMS 0x00000000c8100000, 0x00000000c8100000| Untracked 
| 110|0x00000000c8200000, 0x00000000c8200000, 0x00000000c8300000|  0%| F|  |TAMS 0x00000000c8200000, 0x00000000c8200000| Untracked 
| 111|0x00000000c8300000, 0x00000000c8400000, 0x00000000c8400000|100%| O|  |TAMS 0x00000000c8400000, 0x00000000c8300000| Untracked 
| 112|0x00000000c8400000, 0x00000000c8500000, 0x00000000c8500000|100%| O|  |TAMS 0x00000000c84b5000, 0x00000000c8400000| Untracked 
| 113|0x00000000c8500000, 0x00000000c8500000, 0x00000000c8600000|  0%| F|  |TAMS 0x00000000c8500000, 0x00000000c8500000| Untracked 
| 114|0x00000000c8600000, 0x00000000c8600000, 0x00000000c8700000|  0%| F|  |TAMS 0x00000000c8600000, 0x00000000c8600000| Untracked 
| 115|0x00000000c8700000, 0x00000000c8700000, 0x00000000c8800000|  0%| F|  |TAMS 0x00000000c8700000, 0x00000000c8700000| Untracked 
| 116|0x00000000c8800000, 0x00000000c8800000, 0x00000000c8900000|  0%| F|  |TAMS 0x00000000c8800000, 0x00000000c8800000| Untracked 
| 117|0x00000000c8900000, 0x00000000c8900000, 0x00000000c8a00000|  0%| F|  |TAMS 0x00000000c8900000, 0x00000000c8900000| Untracked 
| 118|0x00000000c8a00000, 0x00000000c8a00000, 0x00000000c8b00000|  0%| F|  |TAMS 0x00000000c8a00000, 0x00000000c8a00000| Untracked 
| 119|0x00000000c8b00000, 0x00000000c8b00000, 0x00000000c8c00000|  0%| F|  |TAMS 0x00000000c8b00000, 0x00000000c8b00000| Untracked 
| 120|0x00000000c8c00000, 0x00000000c8c00000, 0x00000000c8d00000|  0%| F|  |TAMS 0x00000000c8c00000, 0x00000000c8c00000| Untracked 
| 121|0x00000000c8d00000, 0x00000000c8d00000, 0x00000000c8e00000|  0%| F|  |TAMS 0x00000000c8d00000, 0x00000000c8d00000| Untracked 
| 122|0x00000000c8e00000, 0x00000000c8e00000, 0x00000000c8f00000|  0%| F|  |TAMS 0x00000000c8e00000, 0x00000000c8e00000| Untracked 
| 123|0x00000000c8f00000, 0x00000000c8f00000, 0x00000000c9000000|  0%| F|  |TAMS 0x00000000c8f00000, 0x00000000c8f00000| Untracked 
| 124|0x00000000c9000000, 0x00000000c9000000, 0x00000000c9100000|  0%| F|  |TAMS 0x00000000c9000000, 0x00000000c9000000| Untracked 
| 125|0x00000000c9100000, 0x00000000c9100000, 0x00000000c9200000|  0%| F|  |TAMS 0x00000000c9100000, 0x00000000c9100000| Untracked 
| 126|0x00000000c9200000, 0x00000000c9200000, 0x00000000c9300000|  0%| F|  |TAMS 0x00000000c9200000, 0x00000000c9200000| Untracked 
| 127|0x00000000c9300000, 0x00000000c9300000, 0x00000000c9400000|  0%| F|  |TAMS 0x00000000c9300000, 0x00000000c9300000| Untracked 
| 128|0x00000000c9400000, 0x00000000c9400000, 0x00000000c9500000|  0%| F|  |TAMS 0x00000000c9400000, 0x00000000c9400000| Untracked 
| 129|0x00000000c9500000, 0x00000000c9500000, 0x00000000c9600000|  0%| F|  |TAMS 0x00000000c9500000, 0x00000000c9500000| Untracked 
| 130|0x00000000c9600000, 0x00000000c9600000, 0x00000000c9700000|  0%| F|  |TAMS 0x00000000c9600000, 0x00000000c9600000| Untracked 
| 131|0x00000000c9700000, 0x00000000c9700000, 0x00000000c9800000|  0%| F|  |TAMS 0x00000000c9700000, 0x00000000c9700000| Untracked 
| 132|0x00000000c9800000, 0x00000000c9800000, 0x00000000c9900000|  0%| F|  |TAMS 0x00000000c9800000, 0x00000000c9800000| Untracked 
| 133|0x00000000c9900000, 0x00000000c9900000, 0x00000000c9a00000|  0%| F|  |TAMS 0x00000000c9900000, 0x00000000c9900000| Untracked 
| 134|0x00000000c9a00000, 0x00000000c9a00000, 0x00000000c9b00000|  0%| F|  |TAMS 0x00000000c9a00000, 0x00000000c9a00000| Untracked 
| 135|0x00000000c9b00000, 0x00000000c9b00000, 0x00000000c9c00000|  0%| F|  |TAMS 0x00000000c9b00000, 0x00000000c9b00000| Untracked 
| 136|0x00000000c9c00000, 0x00000000c9c00000, 0x00000000c9d00000|  0%| F|  |TAMS 0x00000000c9c00000, 0x00000000c9c00000| Untracked 
| 137|0x00000000c9d00000, 0x00000000c9d00000, 0x00000000c9e00000|  0%| F|  |TAMS 0x00000000c9d00000, 0x00000000c9d00000| Untracked 
| 138|0x00000000c9e00000, 0x00000000c9e00000, 0x00000000c9f00000|  0%| F|  |TAMS 0x00000000c9e00000, 0x00000000c9e00000| Untracked 
| 139|0x00000000c9f00000, 0x00000000c9f00000, 0x00000000ca000000|  0%| F|  |TAMS 0x00000000c9f00000, 0x00000000c9f00000| Untracked 
| 140|0x00000000ca000000, 0x00000000ca000000, 0x00000000ca100000|  0%| F|  |TAMS 0x00000000ca000000, 0x00000000ca000000| Untracked 
| 141|0x00000000ca100000, 0x00000000ca100000, 0x00000000ca200000|  0%| F|  |TAMS 0x00000000ca100000, 0x00000000ca100000| Untracked 
| 142|0x00000000ca200000, 0x00000000ca200000, 0x00000000ca300000|  0%| F|  |TAMS 0x00000000ca200000, 0x00000000ca200000| Untracked 
| 143|0x00000000ca300000, 0x00000000ca300000, 0x00000000ca400000|  0%| F|  |TAMS 0x00000000ca300000, 0x00000000ca300000| Untracked 
| 144|0x00000000ca400000, 0x00000000ca400000, 0x00000000ca500000|  0%| F|  |TAMS 0x00000000ca400000, 0x00000000ca400000| Untracked 
| 145|0x00000000ca500000, 0x00000000ca500000, 0x00000000ca600000|  0%| F|  |TAMS 0x00000000ca500000, 0x00000000ca500000| Untracked 
| 146|0x00000000ca600000, 0x00000000ca600000, 0x00000000ca700000|  0%| F|  |TAMS 0x00000000ca600000, 0x00000000ca600000| Untracked 
| 147|0x00000000ca700000, 0x00000000ca700000, 0x00000000ca800000|  0%| F|  |TAMS 0x00000000ca700000, 0x00000000ca700000| Untracked 
| 148|0x00000000ca800000, 0x00000000ca800000, 0x00000000ca900000|  0%| F|  |TAMS 0x00000000ca800000, 0x00000000ca800000| Untracked 
| 149|0x00000000ca900000, 0x00000000ca900000, 0x00000000caa00000|  0%| F|  |TAMS 0x00000000ca900000, 0x00000000ca900000| Untracked 
| 150|0x00000000caa00000, 0x00000000caa00000, 0x00000000cab00000|  0%| F|  |TAMS 0x00000000caa00000, 0x00000000caa00000| Untracked 
| 151|0x00000000cab00000, 0x00000000cab00000, 0x00000000cac00000|  0%| F|  |TAMS 0x00000000cab00000, 0x00000000cab00000| Untracked 
| 152|0x00000000cac00000, 0x00000000cac00000, 0x00000000cad00000|  0%| F|  |TAMS 0x00000000cac00000, 0x00000000cac00000| Untracked 
| 153|0x00000000cad00000, 0x00000000cad00000, 0x00000000cae00000|  0%| F|  |TAMS 0x00000000cad00000, 0x00000000cad00000| Untracked 
| 154|0x00000000cae00000, 0x00000000cae00000, 0x00000000caf00000|  0%| F|  |TAMS 0x00000000cae00000, 0x00000000cae00000| Untracked 
| 155|0x00000000caf00000, 0x00000000caf00000, 0x00000000cb000000|  0%| F|  |TAMS 0x00000000caf00000, 0x00000000caf00000| Untracked 
| 156|0x00000000cb000000, 0x00000000cb000000, 0x00000000cb100000|  0%| F|  |TAMS 0x00000000cb000000, 0x00000000cb000000| Untracked 
| 157|0x00000000cb100000, 0x00000000cb100000, 0x00000000cb200000|  0%| F|  |TAMS 0x00000000cb100000, 0x00000000cb100000| Untracked 
| 158|0x00000000cb200000, 0x00000000cb200000, 0x00000000cb300000|  0%| F|  |TAMS 0x00000000cb200000, 0x00000000cb200000| Untracked 
| 159|0x00000000cb300000, 0x00000000cb300000, 0x00000000cb400000|  0%| F|  |TAMS 0x00000000cb300000, 0x00000000cb300000| Untracked 
| 160|0x00000000cb400000, 0x00000000cb400000, 0x00000000cb500000|  0%| F|  |TAMS 0x00000000cb400000, 0x00000000cb400000| Untracked 
| 161|0x00000000cb500000, 0x00000000cb500000, 0x00000000cb600000|  0%| F|  |TAMS 0x00000000cb500000, 0x00000000cb500000| Untracked 
| 162|0x00000000cb600000, 0x00000000cb600000, 0x00000000cb700000|  0%| F|  |TAMS 0x00000000cb600000, 0x00000000cb600000| Untracked 
| 163|0x00000000cb700000, 0x00000000cb700000, 0x00000000cb800000|  0%| F|  |TAMS 0x00000000cb700000, 0x00000000cb700000| Untracked 
| 164|0x00000000cb800000, 0x00000000cb800000, 0x00000000cb900000|  0%| F|  |TAMS 0x00000000cb800000, 0x00000000cb800000| Untracked 
| 165|0x00000000cb900000, 0x00000000cb900000, 0x00000000cba00000|  0%| F|  |TAMS 0x00000000cb900000, 0x00000000cb900000| Untracked 
| 166|0x00000000cba00000, 0x00000000cba00000, 0x00000000cbb00000|  0%| F|  |TAMS 0x00000000cba00000, 0x00000000cba00000| Untracked 
| 167|0x00000000cbb00000, 0x00000000cbb00000, 0x00000000cbc00000|  0%| F|  |TAMS 0x00000000cbb00000, 0x00000000cbb00000| Untracked 
| 168|0x00000000cbc00000, 0x00000000cbc00000, 0x00000000cbd00000|  0%| F|  |TAMS 0x00000000cbc00000, 0x00000000cbc00000| Untracked 
| 169|0x00000000cbd00000, 0x00000000cbd00000, 0x00000000cbe00000|  0%| F|  |TAMS 0x00000000cbd00000, 0x00000000cbd00000| Untracked 
| 170|0x00000000cbe00000, 0x00000000cbe00000, 0x00000000cbf00000|  0%| F|  |TAMS 0x00000000cbe00000, 0x00000000cbe00000| Untracked 
| 171|0x00000000cbf00000, 0x00000000cbf00000, 0x00000000cc000000|  0%| F|  |TAMS 0x00000000cbf00000, 0x00000000cbf00000| Untracked 
| 172|0x00000000cc000000, 0x00000000cc000000, 0x00000000cc100000|  0%| F|  |TAMS 0x00000000cc000000, 0x00000000cc000000| Untracked 
| 173|0x00000000cc100000, 0x00000000cc100000, 0x00000000cc200000|  0%| F|  |TAMS 0x00000000cc100000, 0x00000000cc100000| Untracked 
| 174|0x00000000cc200000, 0x00000000cc200000, 0x00000000cc300000|  0%| F|  |TAMS 0x00000000cc200000, 0x00000000cc200000| Untracked 
| 175|0x00000000cc300000, 0x00000000cc300000, 0x00000000cc400000|  0%| F|  |TAMS 0x00000000cc300000, 0x00000000cc300000| Untracked 
| 176|0x00000000cc400000, 0x00000000cc400000, 0x00000000cc500000|  0%| F|  |TAMS 0x00000000cc400000, 0x00000000cc400000| Untracked 
| 177|0x00000000cc500000, 0x00000000cc500000, 0x00000000cc600000|  0%| F|  |TAMS 0x00000000cc500000, 0x00000000cc500000| Untracked 
| 178|0x00000000cc600000, 0x00000000cc600000, 0x00000000cc700000|  0%| F|  |TAMS 0x00000000cc600000, 0x00000000cc600000| Untracked 
| 179|0x00000000cc700000, 0x00000000cc700000, 0x00000000cc800000|  0%| F|  |TAMS 0x00000000cc700000, 0x00000000cc700000| Untracked 
| 180|0x00000000cc800000, 0x00000000cc800000, 0x00000000cc900000|  0%| F|  |TAMS 0x00000000cc800000, 0x00000000cc800000| Untracked 
| 181|0x00000000cc900000, 0x00000000cc900000, 0x00000000cca00000|  0%| F|  |TAMS 0x00000000cc900000, 0x00000000cc900000| Untracked 
| 182|0x00000000cca00000, 0x00000000cca00000, 0x00000000ccb00000|  0%| F|  |TAMS 0x00000000cca00000, 0x00000000cca00000| Untracked 
| 183|0x00000000ccb00000, 0x00000000ccb00000, 0x00000000ccc00000|  0%| F|  |TAMS 0x00000000ccb00000, 0x00000000ccb00000| Untracked 
| 184|0x00000000ccc00000, 0x00000000ccc00000, 0x00000000ccd00000|  0%| F|  |TAMS 0x00000000ccc00000, 0x00000000ccc00000| Untracked 
| 185|0x00000000ccd00000, 0x00000000ccd00000, 0x00000000cce00000|  0%| F|  |TAMS 0x00000000ccd00000, 0x00000000ccd00000| Untracked 
| 186|0x00000000cce00000, 0x00000000cce00000, 0x00000000ccf00000|  0%| F|  |TAMS 0x00000000cce00000, 0x00000000cce00000| Untracked 
| 187|0x00000000ccf00000, 0x00000000ccf00000, 0x00000000cd000000|  0%| F|  |TAMS 0x00000000ccf00000, 0x00000000ccf00000| Untracked 
| 188|0x00000000cd000000, 0x00000000cd000000, 0x00000000cd100000|  0%| F|  |TAMS 0x00000000cd000000, 0x00000000cd000000| Untracked 
| 189|0x00000000cd100000, 0x00000000cd100000, 0x00000000cd200000|  0%| F|  |TAMS 0x00000000cd100000, 0x00000000cd100000| Untracked 
| 190|0x00000000cd200000, 0x00000000cd200000, 0x00000000cd300000|  0%| F|  |TAMS 0x00000000cd200000, 0x00000000cd200000| Untracked 
| 191|0x00000000cd300000, 0x00000000cd300000, 0x00000000cd400000|  0%| F|  |TAMS 0x00000000cd300000, 0x00000000cd300000| Untracked 
| 192|0x00000000cd400000, 0x00000000cd400000, 0x00000000cd500000|  0%| F|  |TAMS 0x00000000cd400000, 0x00000000cd400000| Untracked 
| 193|0x00000000cd500000, 0x00000000cd500000, 0x00000000cd600000|  0%| F|  |TAMS 0x00000000cd500000, 0x00000000cd500000| Untracked 
| 194|0x00000000cd600000, 0x00000000cd600000, 0x00000000cd700000|  0%| F|  |TAMS 0x00000000cd600000, 0x00000000cd600000| Untracked 
| 195|0x00000000cd700000, 0x00000000cd700000, 0x00000000cd800000|  0%| F|  |TAMS 0x00000000cd700000, 0x00000000cd700000| Untracked 
| 196|0x00000000cd800000, 0x00000000cd800000, 0x00000000cd900000|  0%| F|  |TAMS 0x00000000cd800000, 0x00000000cd800000| Untracked 
| 197|0x00000000cd900000, 0x00000000cd900000, 0x00000000cda00000|  0%| F|  |TAMS 0x00000000cd900000, 0x00000000cd900000| Untracked 
| 198|0x00000000cda00000, 0x00000000cda00000, 0x00000000cdb00000|  0%| F|  |TAMS 0x00000000cda00000, 0x00000000cda00000| Untracked 
| 199|0x00000000cdb00000, 0x00000000cdb00000, 0x00000000cdc00000|  0%| F|  |TAMS 0x00000000cdb00000, 0x00000000cdb00000| Untracked 
| 200|0x00000000cdc00000, 0x00000000cdc00000, 0x00000000cdd00000|  0%| F|  |TAMS 0x00000000cdc00000, 0x00000000cdc00000| Untracked 
| 201|0x00000000cdd00000, 0x00000000cdd00000, 0x00000000cde00000|  0%| F|  |TAMS 0x00000000cdd00000, 0x00000000cdd00000| Untracked 
| 202|0x00000000cde00000, 0x00000000cde00000, 0x00000000cdf00000|  0%| F|  |TAMS 0x00000000cde00000, 0x00000000cde00000| Untracked 
| 203|0x00000000cdf00000, 0x00000000cdf00000, 0x00000000ce000000|  0%| F|  |TAMS 0x00000000cdf00000, 0x00000000cdf00000| Untracked 
| 204|0x00000000ce000000, 0x00000000ce000000, 0x00000000ce100000|  0%| F|  |TAMS 0x00000000ce000000, 0x00000000ce000000| Untracked 
| 205|0x00000000ce100000, 0x00000000ce100000, 0x00000000ce200000|  0%| F|  |TAMS 0x00000000ce100000, 0x00000000ce100000| Untracked 
| 206|0x00000000ce200000, 0x00000000ce200000, 0x00000000ce300000|  0%| F|  |TAMS 0x00000000ce200000, 0x00000000ce200000| Untracked 
| 207|0x00000000ce300000, 0x00000000ce300000, 0x00000000ce400000|  0%| F|  |TAMS 0x00000000ce300000, 0x00000000ce300000| Untracked 
| 208|0x00000000ce400000, 0x00000000ce400000, 0x00000000ce500000|  0%| F|  |TAMS 0x00000000ce400000, 0x00000000ce400000| Untracked 
| 209|0x00000000ce500000, 0x00000000ce500000, 0x00000000ce600000|  0%| F|  |TAMS 0x00000000ce500000, 0x00000000ce500000| Untracked 
| 210|0x00000000ce600000, 0x00000000ce600000, 0x00000000ce700000|  0%| F|  |TAMS 0x00000000ce600000, 0x00000000ce600000| Untracked 
| 211|0x00000000ce700000, 0x00000000ce700000, 0x00000000ce800000|  0%| F|  |TAMS 0x00000000ce700000, 0x00000000ce700000| Untracked 
| 212|0x00000000ce800000, 0x00000000ce800000, 0x00000000ce900000|  0%| F|  |TAMS 0x00000000ce800000, 0x00000000ce800000| Untracked 
| 213|0x00000000ce900000, 0x00000000ce900000, 0x00000000cea00000|  0%| F|  |TAMS 0x00000000ce900000, 0x00000000ce900000| Untracked 
| 214|0x00000000cea00000, 0x00000000cea00000, 0x00000000ceb00000|  0%| F|  |TAMS 0x00000000cea00000, 0x00000000cea00000| Untracked 
| 215|0x00000000ceb00000, 0x00000000ceb00000, 0x00000000cec00000|  0%| F|  |TAMS 0x00000000ceb00000, 0x00000000ceb00000| Untracked 
| 216|0x00000000cec00000, 0x00000000cec00000, 0x00000000ced00000|  0%| F|  |TAMS 0x00000000cec00000, 0x00000000cec00000| Untracked 
| 217|0x00000000ced00000, 0x00000000ced00000, 0x00000000cee00000|  0%| F|  |TAMS 0x00000000ced00000, 0x00000000ced00000| Untracked 
| 218|0x00000000cee00000, 0x00000000cee00000, 0x00000000cef00000|  0%| F|  |TAMS 0x00000000cee00000, 0x00000000cee00000| Untracked 
| 219|0x00000000cef00000, 0x00000000cef00000, 0x00000000cf000000|  0%| F|  |TAMS 0x00000000cef00000, 0x00000000cef00000| Untracked 
| 220|0x00000000cf000000, 0x00000000cf000000, 0x00000000cf100000|  0%| F|  |TAMS 0x00000000cf000000, 0x00000000cf000000| Untracked 
| 221|0x00000000cf100000, 0x00000000cf100000, 0x00000000cf200000|  0%| F|  |TAMS 0x00000000cf100000, 0x00000000cf100000| Untracked 
| 222|0x00000000cf200000, 0x00000000cf200000, 0x00000000cf300000|  0%| F|  |TAMS 0x00000000cf200000, 0x00000000cf200000| Untracked 
| 223|0x00000000cf300000, 0x00000000cf300000, 0x00000000cf400000|  0%| F|  |TAMS 0x00000000cf300000, 0x00000000cf300000| Untracked 
| 224|0x00000000cf400000, 0x00000000cf400000, 0x00000000cf500000|  0%| F|  |TAMS 0x00000000cf400000, 0x00000000cf400000| Untracked 
| 225|0x00000000cf500000, 0x00000000cf500000, 0x00000000cf600000|  0%| F|  |TAMS 0x00000000cf500000, 0x00000000cf500000| Untracked 
| 226|0x00000000cf600000, 0x00000000cf600000, 0x00000000cf700000|  0%| F|  |TAMS 0x00000000cf600000, 0x00000000cf600000| Untracked 
| 227|0x00000000cf700000, 0x00000000cf700000, 0x00000000cf800000|  0%| F|  |TAMS 0x00000000cf700000, 0x00000000cf700000| Untracked 
| 228|0x00000000cf800000, 0x00000000cf800000, 0x00000000cf900000|  0%| F|  |TAMS 0x00000000cf800000, 0x00000000cf800000| Untracked 
| 229|0x00000000cf900000, 0x00000000cf900000, 0x00000000cfa00000|  0%| F|  |TAMS 0x00000000cf900000, 0x00000000cf900000| Untracked 
| 230|0x00000000cfa00000, 0x00000000cfa00000, 0x00000000cfb00000|  0%| F|  |TAMS 0x00000000cfa00000, 0x00000000cfa00000| Untracked 
| 231|0x00000000cfb00000, 0x00000000cfb00000, 0x00000000cfc00000|  0%| F|  |TAMS 0x00000000cfb00000, 0x00000000cfb00000| Untracked 
| 232|0x00000000cfc00000, 0x00000000cfc00000, 0x00000000cfd00000|  0%| F|  |TAMS 0x00000000cfc00000, 0x00000000cfc00000| Untracked 
| 233|0x00000000cfd00000, 0x00000000cfd00000, 0x00000000cfe00000|  0%| F|  |TAMS 0x00000000cfd00000, 0x00000000cfd00000| Untracked 
| 234|0x00000000cfe00000, 0x00000000cfe00000, 0x00000000cff00000|  0%| F|  |TAMS 0x00000000cfe00000, 0x00000000cfe00000| Untracked 
| 235|0x00000000cff00000, 0x00000000cff00000, 0x00000000d0000000|  0%| F|  |TAMS 0x00000000cff00000, 0x00000000cff00000| Untracked 
| 236|0x00000000d0000000, 0x00000000d0000000, 0x00000000d0100000|  0%| F|  |TAMS 0x00000000d0000000, 0x00000000d0000000| Untracked 
| 237|0x00000000d0100000, 0x00000000d0100000, 0x00000000d0200000|  0%| F|  |TAMS 0x00000000d0100000, 0x00000000d0100000| Untracked 
| 238|0x00000000d0200000, 0x00000000d0200000, 0x00000000d0300000|  0%| F|  |TAMS 0x00000000d0200000, 0x00000000d0200000| Untracked 
| 239|0x00000000d0300000, 0x00000000d0300000, 0x00000000d0400000|  0%| F|  |TAMS 0x00000000d0300000, 0x00000000d0300000| Untracked 
| 240|0x00000000d0400000, 0x00000000d0400000, 0x00000000d0500000|  0%| F|  |TAMS 0x00000000d0400000, 0x00000000d0400000| Untracked 
| 241|0x00000000d0500000, 0x00000000d0500000, 0x00000000d0600000|  0%| F|  |TAMS 0x00000000d0500000, 0x00000000d0500000| Untracked 
| 242|0x00000000d0600000, 0x00000000d0600000, 0x00000000d0700000|  0%| F|  |TAMS 0x00000000d0600000, 0x00000000d0600000| Untracked 
| 243|0x00000000d0700000, 0x00000000d0700000, 0x00000000d0800000|  0%| F|  |TAMS 0x00000000d0700000, 0x00000000d0700000| Untracked 
| 244|0x00000000d0800000, 0x00000000d0800000, 0x00000000d0900000|  0%| F|  |TAMS 0x00000000d0800000, 0x00000000d0800000| Untracked 
| 245|0x00000000d0900000, 0x00000000d0900000, 0x00000000d0a00000|  0%| F|  |TAMS 0x00000000d0900000, 0x00000000d0900000| Untracked 
| 246|0x00000000d0a00000, 0x00000000d0a00000, 0x00000000d0b00000|  0%| F|  |TAMS 0x00000000d0a00000, 0x00000000d0a00000| Untracked 
| 247|0x00000000d0b00000, 0x00000000d0b00000, 0x00000000d0c00000|  0%| F|  |TAMS 0x00000000d0b00000, 0x00000000d0b00000| Untracked 
| 248|0x00000000d0c00000, 0x00000000d0c00000, 0x00000000d0d00000|  0%| F|  |TAMS 0x00000000d0c00000, 0x00000000d0c00000| Untracked 
| 249|0x00000000d0d00000, 0x00000000d0d00000, 0x00000000d0e00000|  0%| F|  |TAMS 0x00000000d0d00000, 0x00000000d0d00000| Untracked 
| 250|0x00000000d0e00000, 0x00000000d0e00000, 0x00000000d0f00000|  0%| F|  |TAMS 0x00000000d0e00000, 0x00000000d0e00000| Untracked 
| 251|0x00000000d0f00000, 0x00000000d0f00000, 0x00000000d1000000|  0%| F|  |TAMS 0x00000000d0f00000, 0x00000000d0f00000| Untracked 
| 252|0x00000000d1000000, 0x00000000d1000000, 0x00000000d1100000|  0%| F|  |TAMS 0x00000000d1000000, 0x00000000d1000000| Untracked 
| 253|0x00000000d1100000, 0x00000000d1100000, 0x00000000d1200000|  0%| F|  |TAMS 0x00000000d1100000, 0x00000000d1100000| Untracked 
| 254|0x00000000d1200000, 0x00000000d1200000, 0x00000000d1300000|  0%| F|  |TAMS 0x00000000d1200000, 0x00000000d1200000| Untracked 
| 255|0x00000000d1300000, 0x00000000d1300000, 0x00000000d1400000|  0%| F|  |TAMS 0x00000000d1300000, 0x00000000d1300000| Untracked 
| 256|0x00000000d1400000, 0x00000000d1400000, 0x00000000d1500000|  0%| F|  |TAMS 0x00000000d1400000, 0x00000000d1400000| Untracked 
| 257|0x00000000d1500000, 0x00000000d1500000, 0x00000000d1600000|  0%| F|  |TAMS 0x00000000d1500000, 0x00000000d1500000| Untracked 
| 258|0x00000000d1600000, 0x00000000d1600000, 0x00000000d1700000|  0%| F|  |TAMS 0x00000000d1600000, 0x00000000d1600000| Untracked 
| 259|0x00000000d1700000, 0x00000000d1700000, 0x00000000d1800000|  0%| F|  |TAMS 0x00000000d1700000, 0x00000000d1700000| Untracked 
| 260|0x00000000d1800000, 0x00000000d1800000, 0x00000000d1900000|  0%| F|  |TAMS 0x00000000d1800000, 0x00000000d1800000| Untracked 
| 261|0x00000000d1900000, 0x00000000d1900000, 0x00000000d1a00000|  0%| F|  |TAMS 0x00000000d1900000, 0x00000000d1900000| Untracked 
| 262|0x00000000d1a00000, 0x00000000d1a00000, 0x00000000d1b00000|  0%| F|  |TAMS 0x00000000d1a00000, 0x00000000d1a00000| Untracked 
| 263|0x00000000d1b00000, 0x00000000d1b00000, 0x00000000d1c00000|  0%| F|  |TAMS 0x00000000d1b00000, 0x00000000d1b00000| Untracked 
| 264|0x00000000d1c00000, 0x00000000d1d00000, 0x00000000d1d00000|100%|HS|  |TAMS 0x00000000d1c00000, 0x00000000d1c00000| Complete 
| 265|0x00000000d1d00000, 0x00000000d1e00000, 0x00000000d1e00000|100%|HC|  |TAMS 0x00000000d1d00000, 0x00000000d1d00000| Complete 
| 266|0x00000000d1e00000, 0x00000000d1f00000, 0x00000000d1f00000|100%|HC|  |TAMS 0x00000000d1e00000, 0x00000000d1e00000| Complete 
| 267|0x00000000d1f00000, 0x00000000d2000000, 0x00000000d2000000|100%| S|CS|TAMS 0x00000000d1f00000, 0x00000000d1f00000| Complete 
| 268|0x00000000d2000000, 0x00000000d2100000, 0x00000000d2100000|100%| S|CS|TAMS 0x00000000d2000000, 0x00000000d2000000| Complete 
| 269|0x00000000d2100000, 0x00000000d2200000, 0x00000000d2200000|100%| O|  |TAMS 0x00000000d2100000, 0x00000000d2100000| Untracked 
| 270|0x00000000d2200000, 0x00000000d2300000, 0x00000000d2300000|100%| O|  |TAMS 0x00000000d2200000, 0x00000000d2200000| Untracked 
| 271|0x00000000d2300000, 0x00000000d2400000, 0x00000000d2400000|100%| S|CS|TAMS 0x00000000d2300000, 0x00000000d2300000| Complete 
| 272|0x00000000d2400000, 0x00000000d2500000, 0x00000000d2500000|100%| O|  |TAMS 0x00000000d2400000, 0x00000000d2400000| Untracked 
| 273|0x00000000d2500000, 0x00000000d2600000, 0x00000000d2600000|100%| O|  |TAMS 0x00000000d2500000, 0x00000000d2500000| Untracked 
| 274|0x00000000d2600000, 0x00000000d2700000, 0x00000000d2700000|100%| O|  |TAMS 0x00000000d2600000, 0x00000000d2600000| Untracked 
| 275|0x00000000d2700000, 0x00000000d2800000, 0x00000000d2800000|100%| O|  |TAMS 0x00000000d2700000, 0x00000000d2700000| Untracked 
| 276|0x00000000d2800000, 0x00000000d2900000, 0x00000000d2900000|100%| O|  |TAMS 0x00000000d2800000, 0x00000000d2800000| Untracked 
| 277|0x00000000d2900000, 0x00000000d2a00000, 0x00000000d2a00000|100%| O|  |TAMS 0x00000000d2900000, 0x00000000d2900000| Untracked 
| 278|0x00000000d2a00000, 0x00000000d2b00000, 0x00000000d2b00000|100%| O|  |TAMS 0x00000000d2a00000, 0x00000000d2a00000| Untracked 
| 279|0x00000000d2b00000, 0x00000000d2b1a800, 0x00000000d2c00000| 10%| O|  |TAMS 0x00000000d2b00000, 0x00000000d2b00000| Untracked 
| 280|0x00000000d2c00000, 0x00000000d2c7e5f0, 0x00000000d2d00000| 49%| S|CS|TAMS 0x00000000d2c00000, 0x00000000d2c00000| Complete 

Card table byte_map: [0x000000001acf0000,0x000000001aef0000] _byte_map_base: 0x000000001a6e6000

Marking Bits (Prev, Next): (CMBitMap*) 0x0000000003349fb8, (CMBitMap*) 0x0000000003349ff0
 Prev Bits: [0x000000001b0f0000, 0x000000001c0a0000)
 Next Bits: [0x000000001c0a0000, 0x000000001d050000)

Polling page: 0x00000000001a0000

Metaspace:

Usage:
  Non-class:     55.77 MB capacity,    54.27 MB ( 97%) used,     1.20 MB (  2%) free+waste,   315.13 KB ( <1%) overhead. 
      Class:      9.37 MB capacity,     8.26 MB ( 88%) used,   972.76 KB ( 10%) free+waste,   159.44 KB (  2%) overhead. 
       Both:     65.14 MB capacity,    62.53 MB ( 96%) used,     2.15 MB (  3%) free+waste,   474.56 KB ( <1%) overhead. 

Virtual space:
  Non-class space:       56.00 MB reserved,      55.92 MB (>99%) committed 
      Class space:        1.00 GB reserved,       9.38 MB ( <1%) committed 
             Both:        1.05 GB reserved,      65.29 MB (  6%) committed 

Chunk freelists:
   Non-Class:  22.00 KB
       Class:  10.00 KB
        Both:  32.00 KB

MaxMetaspaceSize: 17179869184.00 GB
CompressedClassSpaceSize: 1.00 GB

CodeHeap 'non-profiled nmethods': size=120064Kb used=4060Kb max_used=4060Kb free=116003Kb
 bounds [0x00000000134a0000, 0x00000000138a0000, 0x000000001a9e0000]
CodeHeap 'profiled nmethods': size=120000Kb used=15640Kb max_used=15640Kb free=104360Kb
 bounds [0x000000000bf70000, 0x000000000cec0000, 0x00000000134a0000]
CodeHeap 'non-nmethods': size=5696Kb used=1545Kb max_used=1608Kb free=4150Kb
 bounds [0x000000000b9e0000, 0x000000000bc50000, 0x000000000bf70000]
 total_blobs=8612 nmethods=7531 adapters=991
 compilation: enabled
              stopped_count=0, restarted_count=0
 full_count=0

Compilation events (20 events):
Event: 25.456 Thread 0x000000001fe50000 nmethod 7627 0x000000000ceb1f90 code [0x000000000ceb2140, 0x000000000ceb2358]
Event: 25.456 Thread 0x000000001fe50000 7628       3       jdk.internal.loader.URLClassPath$JarLoader::<init> (67 bytes)
Event: 25.458 Thread 0x000000001fe50000 nmethod 7628 0x000000000ceb2410 code [0x000000000ceb26e0, 0x000000000ceb34b8]
Event: 25.458 Thread 0x000000001fe50000 7629       3       jdk.internal.loader.URLClassPath$JarLoader$1::run (5 bytes)
Event: 25.458 Thread 0x000000001fe50000 nmethod 7629 0x000000000ceb3990 code [0x000000000ceb3b40, 0x000000000ceb3c88]
Event: 25.458 Thread 0x000000001fe50000 7630       3       jdk.internal.loader.URLClassPath$JarLoader::getJarFile (102 bytes)
Event: 25.460 Thread 0x000000001fe50000 nmethod 7630 0x000000000ceb3d10 code [0x000000000ceb4020, 0x000000000ceb4e48]
Event: 25.463 Thread 0x000000001fe50000 7631       3       com.sun.tools.javac.parser.JavacParser::typeArgumentsOpt (49 bytes)
Event: 25.464 Thread 0x000000001fe50000 nmethod 7631 0x000000000ceb5390 code [0x000000000ceb5580, 0x000000000ceb5878]
Event: 25.464 Thread 0x000000001fe50000 7632       3       com.sun.tools.javac.tree.TreeMaker::Ident (20 bytes)
Event: 25.464 Thread 0x000000001fe50000 nmethod 7632 0x000000000ceb5990 code [0x000000000ceb5b60, 0x000000000ceb5e98]
Event: 25.465 Thread 0x000000001fe50000 7634       3       com.sun.tools.javac.parser.JavacParser::term3 (2482 bytes)
Event: 25.472 Thread 0x000000002d3d6800 nmethod 7622 0x0000000013893910 code [0x0000000013893b40, 0x0000000013894b40]
Event: 25.472 Thread 0x000000002d3d6800 7633       4       com.sun.tools.javac.parser.UnicodeReader::scanCommentChar (41 bytes)
Event: 25.475 Thread 0x000000001fe4f000 nmethod 7623 0x0000000013895190 code [0x00000000138953a0, 0x0000000013896040]
Event: 25.475 Thread 0x000000002d3d6800 nmethod 7633 0x0000000013896590 code [0x0000000013896740, 0x0000000013896888]
Event: 25.476 Thread 0x000000001fe4f000 7636       4       com.sun.tools.javac.parser.JavadocTokenizer$DocReader::scanChar (155 bytes)
Event: 25.476 Thread 0x000000002d3d6800 7637       4       com.sun.tools.javac.parser.JavadocTokenizer$DocReader::scanCommentChar (65 bytes)
Event: 25.479 Thread 0x000000001fe4f000 nmethod 7636 0x0000000013896a10 code [0x0000000013896ba0, 0x0000000013896cf8]
Event: 25.479 Thread 0x000000002d3d6800 nmethod 7637 0x0000000013896e10 code [0x0000000013896fa0, 0x00000000138970f8]

GC Heap History (20 events):
Event: 19.454 GC heap after
{Heap after GC invocations=31 (full 0):
 garbage-first heap   total 132096K, used 38935K [0x00000000c1400000, 0x0000000100000000)
  region size 1024K, 3 young (3072K), 3 survivors (3072K)
 Metaspace       used 54691K, capacity 57140K, committed 57388K, reserved 1097728K
  class space    used 7427K, capacity 8457K, committed 8576K, reserved 1048576K
}
Event: 20.018 GC heap before
{Heap before GC invocations=31 (full 0):
 garbage-first heap   total 132096K, used 82967K [0x00000000c1400000, 0x0000000100000000)
  region size 1024K, 47 young (48128K), 3 survivors (3072K)
 Metaspace       used 55709K, capacity 58133K, committed 58156K, reserved 1099776K
  class space    used 7543K, capacity 8574K, committed 8576K, reserved 1048576K
}
Event: 20.040 GC heap after
{Heap after GC invocations=32 (full 0):
 garbage-first heap   total 132096K, used 45320K [0x00000000c1400000, 0x0000000100000000)
  region size 1024K, 6 young (6144K), 6 survivors (6144K)
 Metaspace       used 55709K, capacity 58133K, committed 58156K, reserved 1099776K
  class space    used 7543K, capacity 8574K, committed 8576K, reserved 1048576K
}
Event: 20.193 GC heap before
{Heap before GC invocations=32 (full 0):
 garbage-first heap   total 132096K, used 91400K [0x00000000c1400000, 0x0000000100000000)
  region size 1024K, 51 young (52224K), 6 survivors (6144K)
 Metaspace       used 55908K, capacity 58431K, committed 58540K, reserved 1099776K
  class space    used 7557K, capacity 8609K, committed 8704K, reserved 1048576K
}
Event: 20.213 GC heap after
{Heap after GC invocations=33 (full 0):
 garbage-first heap   total 132096K, used 52537K [0x00000000c1400000, 0x0000000100000000)
  region size 1024K, 7 young (7168K), 7 survivors (7168K)
 Metaspace       used 55908K, capacity 58431K, committed 58540K, reserved 1099776K
  class space    used 7557K, capacity 8609K, committed 8704K, reserved 1048576K
}
Event: 20.390 GC heap before
{Heap before GC invocations=33 (full 0):
 garbage-first heap   total 132096K, used 94521K [0x00000000c1400000, 0x0000000100000000)
  region size 1024K, 48 young (49152K), 7 survivors (7168K)
 Metaspace       used 56242K, capacity 58697K, committed 58796K, reserved 1099776K
  class space    used 7634K, capacity 8676K, committed 8704K, reserved 1048576K
}
Event: 20.414 GC heap after
{Heap after GC invocations=34 (full 0):
 garbage-first heap   total 132096K, used 59906K [0x00000000c1400000, 0x0000000100000000)
  region size 1024K, 6 young (6144K), 6 survivors (6144K)
 Metaspace       used 56242K, capacity 58697K, committed 58796K, reserved 1099776K
  class space    used 7634K, capacity 8676K, committed 8704K, reserved 1048576K
}
Event: 20.582 GC heap before
{Heap before GC invocations=34 (full 0):
 garbage-first heap   total 132096K, used 95746K [0x00000000c1400000, 0x0000000100000000)
  region size 1024K, 42 young (43008K), 6 survivors (6144K)
 Metaspace       used 56769K, capacity 59252K, committed 59436K, reserved 1099776K
  class space    used 7711K, capacity 8775K, committed 8832K, reserved 1048576K
}
Event: 20.601 GC heap after
{Heap after GC invocations=35 (full 0):
 garbage-first heap   total 264192K, used 62041K [0x00000000c1400000, 0x0000000100000000)
  region size 1024K, 2 young (2048K), 2 survivors (2048K)
 Metaspace       used 56769K, capacity 59252K, committed 59436K, reserved 1099776K
  class space    used 7711K, capacity 8775K, committed 8832K, reserved 1048576K
}
Event: 21.013 GC heap before
{Heap before GC invocations=35 (full 0):
 garbage-first heap   total 264192K, used 138841K [0x00000000c1400000, 0x0000000100000000)
  region size 1024K, 78 young (79872K), 2 survivors (2048K)
 Metaspace       used 58033K, capacity 60551K, committed 60844K, reserved 1101824K
  class space    used 7843K, capacity 8910K, committed 8960K, reserved 1048576K
}
Event: 21.018 GC heap after
{Heap after GC invocations=36 (full 0):
 garbage-first heap   total 264192K, used 63425K [0x00000000c1400000, 0x0000000100000000)
  region size 1024K, 3 young (3072K), 3 survivors (3072K)
 Metaspace       used 58033K, capacity 60551K, committed 60844K, reserved 1101824K
  class space    used 7843K, capacity 8910K, committed 8960K, reserved 1048576K
}
Event: 21.587 GC heap before
{Heap before GC invocations=36 (full 0):
 garbage-first heap   total 264192K, used 169921K [0x00000000c1400000, 0x0000000100000000)
  region size 1024K, 108 young (110592K), 3 survivors (3072K)
 Metaspace       used 59591K, capacity 62076K, committed 62380K, reserved 1101824K
  class space    used 8020K, capacity 9100K, committed 9216K, reserved 1048576K
}
Event: 21.596 GC heap after
{Heap after GC invocations=37 (full 0):
 garbage-first heap   total 264192K, used 67090K [0x00000000c1400000, 0x0000000100000000)
  region size 1024K, 7 young (7168K), 7 survivors (7168K)
 Metaspace       used 59591K, capacity 62076K, committed 62380K, reserved 1101824K
  class space    used 8020K, capacity 9100K, committed 9216K, reserved 1048576K
}
Event: 22.364 GC heap before
{Heap before GC invocations=37 (full 0):
 garbage-first heap   total 264192K, used 184850K [0x00000000c1400000, 0x0000000100000000)
  region size 1024K, 122 young (124928K), 7 survivors (7168K)
 Metaspace       used 61231K, capacity 63874K, committed 64044K, reserved 1103872K
  class space    used 8202K, capacity 9316K, committed 9344K, reserved 1048576K
}
Event: 22.379 GC heap after
{Heap after GC invocations=38 (full 0):
 garbage-first heap   total 264192K, used 72970K [0x00000000c1400000, 0x0000000100000000)
  region size 1024K, 13 young (13312K), 13 survivors (13312K)
 Metaspace       used 61231K, capacity 63874K, committed 64044K, reserved 1103872K
  class space    used 8202K, capacity 9316K, committed 9344K, reserved 1048576K
}
Event: 22.717 GC heap before
{Heap before GC invocations=38 (full 0):
 garbage-first heap   total 264192K, used 196874K [0x00000000c1400000, 0x0000000100000000)
  region size 1024K, 134 young (137216K), 13 survivors (13312K)
 Metaspace       used 61296K, capacity 63940K, committed 64044K, reserved 1103872K
  class space    used 8202K, capacity 9316K, committed 9344K, reserved 1048576K
}
Event: 22.732 GC heap after
{Heap after GC invocations=39 (full 0):
 garbage-first heap   total 264192K, used 77668K [0x00000000c1400000, 0x0000000100000000)
  region size 1024K, 11 young (11264K), 11 survivors (11264K)
 Metaspace       used 61296K, capacity 63940K, committed 64044K, reserved 1103872K
  class space    used 8202K, capacity 9316K, committed 9344K, reserved 1048576K
}
Event: 24.113 GC heap before
{Heap before GC invocations=39 (full 0):
 garbage-first heap   total 264192K, used 185188K [0x00000000c1400000, 0x0000000100000000)
  region size 1024K, 70 young (71680K), 11 survivors (11264K)
 Metaspace       used 63154K, capacity 65812K, committed 66092K, reserved 1105920K
  class space    used 8367K, capacity 9510K, committed 9600K, reserved 1048576K
}
Event: 24.138 GC heap after
{Heap after GC invocations=40 (full 0):
 garbage-first heap   total 264192K, used 82578K [0x00000000c1400000, 0x0000000100000000)
  region size 1024K, 13 young (13312K), 13 survivors (13312K)
 Metaspace       used 63154K, capacity 65812K, committed 66092K, reserved 1105920K
  class space    used 8367K, capacity 9510K, committed 9600K, reserved 1048576K
}
Event: 25.483 GC heap before
{Heap before GC invocations=41 (full 0):
 garbage-first heap   total 273408K, used 272018K [0x00000000c1400000, 0x0000000100000000)
  region size 1024K, 70 young (71680K), 13 survivors (13312K)
 Metaspace       used 64028K, capacity 66700K, committed 66860K, reserved 1105920K
  class space    used 8457K, capacity 9590K, committed 9600K, reserved 1048576K
}

Deoptimization events (20 events):
Event: 24.885 Thread 0x0000000024487000 Uncommon trap: trap_request=0xffffff4d fr.pc=0x000000001386d94c relative=0x00000000000000ac
Event: 24.885 Thread 0x0000000024487000 Uncommon trap: reason=unstable_if action=reinterpret pc=0x000000001386d94c method=com.sun.tools.javac.parser.UnicodeReader.scanChar()V @ 37 c2
Event: 24.885 Thread 0x0000000024487000 DEOPT PACKING pc=0x000000001386d94c sp=0x000000003542dda0
Event: 24.885 Thread 0x0000000024487000 DEOPT UNPACKING pc=0x000000000ba078af sp=0x000000003542dd40 mode 2
Event: 24.984 Thread 0x0000000024487000 DEOPT PACKING pc=0x000000000c2561e2 sp=0x000000003542e300
Event: 24.984 Thread 0x0000000024487000 DEOPT UNPACKING pc=0x000000000ba076ce sp=0x000000003542d790 mode 0
Event: 25.038 Thread 0x0000000024487000 DEOPT PACKING pc=0x000000000c7142e2 sp=0x000000003542e4b0
Event: 25.038 Thread 0x0000000024487000 DEOPT UNPACKING pc=0x000000000ba076ce sp=0x000000003542d998 mode 0
Event: 25.122 Thread 0x0000000024487000 Uncommon trap: trap_request=0xffffffde fr.pc=0x00000000137485d8 relative=0x0000000000000bd8
Event: 25.122 Thread 0x0000000024487000 Uncommon trap: reason=class_check action=maybe_recompile pc=0x00000000137485d8 method=java.util.AbstractQueue.add(Ljava/lang/Object;)Z @ 2 c2
Event: 25.122 Thread 0x0000000024487000 DEOPT PACKING pc=0x00000000137485d8 sp=0x000000003542ecc0
Event: 25.122 Thread 0x0000000024487000 DEOPT UNPACKING pc=0x000000000ba078af sp=0x000000003542ec98 mode 2
Event: 25.128 Thread 0x0000000024487000 Uncommon trap: trap_request=0xffffffde fr.pc=0x00000000137485d8 relative=0x0000000000000bd8
Event: 25.128 Thread 0x0000000024487000 Uncommon trap: reason=class_check action=maybe_recompile pc=0x00000000137485d8 method=java.util.AbstractQueue.add(Ljava/lang/Object;)Z @ 2 c2
Event: 25.128 Thread 0x0000000024487000 DEOPT PACKING pc=0x00000000137485d8 sp=0x000000003542d1f0
Event: 25.128 Thread 0x0000000024487000 DEOPT UNPACKING pc=0x000000000ba078af sp=0x000000003542d1c8 mode 2
Event: 25.252 Thread 0x0000000024487000 DEOPT PACKING pc=0x000000000cdbfe79 sp=0x000000003542cde0
Event: 25.252 Thread 0x0000000024487000 DEOPT UNPACKING pc=0x000000000ba076ce sp=0x000000003542c2f0 mode 0
Event: 25.377 Thread 0x00000000223dd800 DEOPT PACKING pc=0x000000000c828588 sp=0x000000002301a800
Event: 25.377 Thread 0x00000000223dd800 DEOPT UNPACKING pc=0x000000000ba076ce sp=0x0000000023019bc8 mode 0

Classes redefined (0 events):
No events

Internal exceptions (20 events):
Event: 25.226 Thread 0x0000000024487000 Exception <a 'sun/nio/fs/WindowsException'{0x00000000ce7fc880}> (0x00000000ce7fc880) thrown at [./src/hotspot/share/prims/jni.cpp, line 615]
Event: 25.265 Thread 0x0000000024487000 Exception <a 'sun/nio/fs/WindowsException'{0x00000000ce45a4c8}> (0x00000000ce45a4c8) thrown at [./src/hotspot/share/prims/jni.cpp, line 615]
Event: 25.378 Thread 0x0000000024487000 Exception <a 'sun/nio/fs/WindowsException'{0x00000000ce2ca890}> (0x00000000ce2ca890) thrown at [./src/hotspot/share/prims/jni.cpp, line 615]
Event: 25.408 Thread 0x0000000024487000 Exception <a 'sun/nio/fs/WindowsException'{0x00000000ce0722d0}> (0x00000000ce0722d0) thrown at [./src/hotspot/share/prims/jni.cpp, line 615]
Event: 25.409 Thread 0x0000000024487000 Exception <a 'sun/nio/fs/WindowsException'{0x00000000ce072880}> (0x00000000ce072880) thrown at [./src/hotspot/share/prims/jni.cpp, line 615]
Event: 25.409 Thread 0x0000000024487000 Exception <a 'sun/nio/fs/WindowsException'{0x00000000ce072b48}> (0x00000000ce072b48) thrown at [./src/hotspot/share/prims/jni.cpp, line 615]
Event: 25.409 Thread 0x0000000024487000 Exception <a 'sun/nio/fs/WindowsException'{0x00000000ce0731f8}> (0x00000000ce0731f8) thrown at [./src/hotspot/share/prims/jni.cpp, line 615]
Event: 25.409 Thread 0x0000000024487000 Exception <a 'sun/nio/fs/WindowsException'{0x00000000ce0735d0}> (0x00000000ce0735d0) thrown at [./src/hotspot/share/prims/jni.cpp, line 615]
Event: 25.426 Thread 0x0000000024487000 Exception <a 'sun/nio/fs/WindowsException'{0x00000000ce0c06c0}> (0x00000000ce0c06c0) thrown at [./src/hotspot/share/prims/jni.cpp, line 615]
Event: 25.431 Thread 0x0000000024487000 Exception <a 'sun/nio/fs/WindowsException'{0x00000000ce0e4880}> (0x00000000ce0e4880) thrown at [./src/hotspot/share/prims/jni.cpp, line 615]
Event: 25.432 Thread 0x0000000024487000 Exception <a 'sun/nio/fs/WindowsException'{0x00000000ce0e4ae8}> (0x00000000ce0e4ae8) thrown at [./src/hotspot/share/prims/jni.cpp, line 615]
Event: 25.434 Thread 0x0000000024487000 Exception <a 'sun/nio/fs/WindowsException'{0x00000000cdfb2c60}> (0x00000000cdfb2c60) thrown at [./src/hotspot/share/prims/jni.cpp, line 615]
Event: 25.434 Thread 0x0000000024487000 Exception <a 'sun/nio/fs/WindowsException'{0x00000000cdff4a70}> (0x00000000cdff4a70) thrown at [./src/hotspot/share/prims/jni.cpp, line 615]
Event: 25.455 Thread 0x0000000024487000 Exception <a 'java/security/PrivilegedActionException'{0x00000000cdecbdf8}> (0x00000000cdecbdf8) thrown at [./src/hotspot/share/prims/jvm.cpp, line 1306]
Event: 25.455 Thread 0x0000000024487000 Exception <a 'java/security/PrivilegedActionException'{0x00000000cdecc370}> (0x00000000cdecc370) thrown at [./src/hotspot/share/prims/jvm.cpp, line 1306]
Event: 25.478 Thread 0x0000000024487000 Exception <a 'sun/nio/fs/WindowsException'{0x00000000ccd852a8}> (0x00000000ccd852a8) thrown at [./src/hotspot/share/prims/jni.cpp, line 615]
Event: 25.478 Thread 0x0000000024487000 Exception <a 'sun/nio/fs/WindowsException'{0x00000000ccd85578}> (0x00000000ccd85578) thrown at [./src/hotspot/share/prims/jni.cpp, line 615]
Event: 25.480 Thread 0x0000000024487000 Exception <a 'sun/nio/fs/WindowsException'{0x00000000ccd86960}> (0x00000000ccd86960) thrown at [./src/hotspot/share/prims/jni.cpp, line 615]
Event: 25.480 Thread 0x0000000024487000 Exception <a 'sun/nio/fs/WindowsException'{0x00000000ccd872d0}> (0x00000000ccd872d0) thrown at [./src/hotspot/share/prims/jni.cpp, line 615]
Event: 25.480 Thread 0x0000000024487000 Exception <a 'sun/nio/fs/WindowsException'{0x00000000ccd875d0}> (0x00000000ccd875d0) thrown at [./src/hotspot/share/prims/jni.cpp, line 615]

Events (20 events):
Event: 25.210 loading class com/sun/tools/javac/comp/Operators done
Event: 25.210 loading class com/sun/tools/javac/code/Type
Event: 25.210 loading class com/sun/tools/javac/code/Type done
Event: 25.210 loading class com/sun/tools/javac/code/Symbol$OperatorSymbol
Event: 25.210 loading class com/sun/tools/javac/code/Symbol$OperatorSymbol done
Event: 25.210 loading class com/sun/tools/javac/comp/Operators$UnaryOperatorHelper
Event: 25.210 loading class com/sun/tools/javac/comp/Operators$UnaryOperatorHelper done
Event: 25.217 Executing VM operation: ICBufferFull
Event: 25.217 Executing VM operation: ICBufferFull done
Event: 25.229 loading class javafx/beans/property/ReadOnlyListPropertyBase
Event: 25.229 loading class javafx/beans/property/ReadOnlyListPropertyBase done
Event: 25.274 loading class javafx/beans/property/SimpleSetProperty
Event: 25.274 loading class javafx/beans/property/SimpleSetProperty done
Event: 25.350 loading class javafx/beans/property/ReadOnlyMapPropertyBase
Event: 25.350 loading class javafx/beans/property/ReadOnlyMapPropertyBase done
Event: 25.420 loading class javafx/beans/property/ReadOnlyLongPropertyBase
Event: 25.420 loading class javafx/beans/property/ReadOnlyLongPropertyBase done
Event: 25.470 loading class javafx/beans/property/MapPropertyBase
Event: 25.470 loading class javafx/beans/property/MapPropertyBase done
Event: 25.483 Executing VM operation: G1CollectForAllocation


Dynamic libraries:
0x0000000000400000 - 0x00000000004d2000 	D:\Software Installation\BlueJ\BlueJ.exe
0x00007ffe2c3c0000 - 0x00007ffe2c5b0000 	C:\WINDOWS\SYSTEM32\ntdll.dll
0x00007ffe2acf0000 - 0x00007ffe2ada2000 	C:\WINDOWS\System32\KERNEL32.DLL
0x00007ffe2a240000 - 0x00007ffe2a4e5000 	C:\WINDOWS\System32\KERNELBASE.dll
0x00007ffe2b810000 - 0x00007ffe2b8ae000 	C:\WINDOWS\System32\msvcrt.dll
0x00007ffe2b120000 - 0x00007ffe2b807000 	C:\WINDOWS\System32\SHELL32.dll
0x00007ffe29720000 - 0x00007ffe2981a000 	C:\WINDOWS\System32\ucrtbase.dll
0x00007ffe2a1f0000 - 0x00007ffe2a23a000 	C:\WINDOWS\System32\cfgmgr32.dll
0x00007ffe2c200000 - 0x00007ffe2c2a9000 	C:\WINDOWS\System32\shcore.dll
0x00007ffe2bb40000 - 0x00007ffe2bc60000 	C:\WINDOWS\System32\RPCRT4.dll
0x00007ffe2beb0000 - 0x00007ffe2c1e6000 	C:\WINDOWS\System32\combase.dll
0x00007ffe29690000 - 0x00007ffe29711000 	C:\WINDOWS\System32\bcryptPrimitives.dll
0x00007ffe298c0000 - 0x00007ffe2a041000 	C:\WINDOWS\System32\windows.storage.dll
0x00007ffe29820000 - 0x00007ffe298be000 	C:\WINDOWS\System32\msvcp_win.dll
0x00007ffe2be10000 - 0x00007ffe2bea7000 	C:\WINDOWS\System32\sechost.dll
0x00007ffe2b8b0000 - 0x00007ffe2b953000 	C:\WINDOWS\System32\advapi32.dll
0x00007ffe29310000 - 0x00007ffe29333000 	C:\WINDOWS\System32\profapi.dll
0x00007ffe29360000 - 0x00007ffe293aa000 	C:\WINDOWS\System32\powrprof.dll
0x00007ffe292e0000 - 0x00007ffe292f0000 	C:\WINDOWS\System32\UMPDC.dll
0x00007ffe2ac90000 - 0x00007ffe2ace2000 	C:\WINDOWS\System32\shlwapi.dll
0x00007ffe2b0f0000 - 0x00007ffe2b116000 	C:\WINDOWS\System32\GDI32.dll
0x00007ffe293b0000 - 0x00007ffe293d1000 	C:\WINDOWS\System32\win32u.dll
0x00007ffe293e0000 - 0x00007ffe29576000 	C:\WINDOWS\System32\gdi32full.dll
0x00007ffe2a9d0000 - 0x00007ffe2ab64000 	C:\WINDOWS\System32\USER32.dll
0x00007ffe29340000 - 0x00007ffe29351000 	C:\WINDOWS\System32\kernel.appcore.dll
0x00007ffe2a1d0000 - 0x00007ffe2a1e7000 	C:\WINDOWS\System32\cryptsp.dll
0x00007ffe1dd70000 - 0x00007ffe1dd7a000 	C:\WINDOWS\SYSTEM32\VERSION.dll
0x00007ffe2ac60000 - 0x00007ffe2ac8e000 	C:\WINDOWS\System32\IMM32.DLL
0x00007ffdec430000 - 0x00007ffdecf73000 	D:\Software Installation\BlueJ\jdk\bin\server\jvm.dll
0x00007ffe2c1f0000 - 0x00007ffe2c1f8000 	C:\WINDOWS\System32\PSAPI.DLL
0x00007ffe27c10000 - 0x00007ffe27c19000 	C:\WINDOWS\SYSTEM32\WSOCK32.dll
0x00007ffe26ed0000 - 0x00007ffe26ef4000 	C:\WINDOWS\SYSTEM32\WINMM.dll
0x00007ffe2a960000 - 0x00007ffe2a9cf000 	C:\WINDOWS\System32\WS2_32.dll
0x00007ffe23030000 - 0x00007ffe23045000 	D:\Software Installation\BlueJ\jdk\bin\VCRUNTIME140.dll
0x00007ffe26dc0000 - 0x00007ffe26ded000 	C:\WINDOWS\SYSTEM32\winmmbase.dll
0x00007ffe22ff0000 - 0x00007ffe23000000 	D:\Software Installation\BlueJ\jdk\bin\verify.dll
0x00007ffe278f0000 - 0x00007ffe27ae4000 	C:\WINDOWS\SYSTEM32\DBGHELP.DLL
0x00007ffe16a90000 - 0x00007ffe16aba000 	C:\WINDOWS\SYSTEM32\dbgcore.DLL
0x00007ffe218d0000 - 0x00007ffe218f8000 	D:\Software Installation\BlueJ\jdk\bin\java.dll
0x00007ffe22fe0000 - 0x00007ffe22fea000 	D:\Software Installation\BlueJ\jdk\bin\jimage.dll
0x00007ffe1c680000 - 0x00007ffe1c697000 	D:\Software Installation\BlueJ\jdk\bin\zip.dll
0x00007ffe19c50000 - 0x00007ffe19c69000 	D:\Software Installation\BlueJ\jdk\bin\net.dll
0x00007ffe1dfe0000 - 0x00007ffe1e0d0000 	C:\WINDOWS\SYSTEM32\WINHTTP.dll
0x00007ffe28ad0000 - 0x00007ffe28b37000 	C:\WINDOWS\system32\mswsock.dll
0x00007ffe19460000 - 0x00007ffe19472000 	D:\Software Installation\BlueJ\jdk\bin\nio.dll
0x0000000180000000 - 0x0000000180003000 	D:\Software Installation\BlueJ\lib\javafx\bin\api-ms-win-core-console-l1-1-0.dll
0x00000000006f0000 - 0x00000000006f3000 	D:\Software Installation\BlueJ\lib\javafx\bin\api-ms-win-core-datetime-l1-1-0.dll
0x0000000000700000 - 0x0000000000703000 	D:\Software Installation\BlueJ\lib\javafx\bin\api-ms-win-core-debug-l1-1-0.dll
0x0000000000710000 - 0x0000000000713000 	D:\Software Installation\BlueJ\lib\javafx\bin\api-ms-win-core-errorhandling-l1-1-0.dll
0x0000000000720000 - 0x0000000000724000 	D:\Software Installation\BlueJ\lib\javafx\bin\api-ms-win-core-file-l1-1-0.dll
0x0000000000730000 - 0x0000000000733000 	D:\Software Installation\BlueJ\lib\javafx\bin\api-ms-win-core-file-l1-2-0.dll
0x0000000000740000 - 0x0000000000743000 	D:\Software Installation\BlueJ\lib\javafx\bin\api-ms-win-core-file-l2-1-0.dll
0x0000000000750000 - 0x0000000000753000 	D:\Software Installation\BlueJ\lib\javafx\bin\api-ms-win-core-handle-l1-1-0.dll
0x0000000000760000 - 0x0000000000763000 	D:\Software Installation\BlueJ\lib\javafx\bin\api-ms-win-core-heap-l1-1-0.dll
0x0000000000770000 - 0x0000000000773000 	D:\Software Installation\BlueJ\lib\javafx\bin\api-ms-win-core-interlocked-l1-1-0.dll
0x0000000000780000 - 0x0000000000783000 	D:\Software Installation\BlueJ\lib\javafx\bin\api-ms-win-core-libraryloader-l1-1-0.dll
0x0000000000790000 - 0x0000000000793000 	D:\Software Installation\BlueJ\lib\javafx\bin\api-ms-win-core-localization-l1-2-0.dll
0x0000000001030000 - 0x0000000001033000 	D:\Software Installation\BlueJ\lib\javafx\bin\api-ms-win-core-memory-l1-1-0.dll
0x0000000001040000 - 0x0000000001043000 	D:\Software Installation\BlueJ\lib\javafx\bin\api-ms-win-core-namedpipe-l1-1-0.dll
0x0000000001050000 - 0x0000000001053000 	D:\Software Installation\BlueJ\lib\javafx\bin\api-ms-win-core-processenvironment-l1-1-0.dll
0x0000000001060000 - 0x0000000001063000 	D:\Software Installation\BlueJ\lib\javafx\bin\api-ms-win-core-processthreads-l1-1-0.dll
0x00000000031e0000 - 0x00000000031e3000 	D:\Software Installation\BlueJ\lib\javafx\bin\api-ms-win-core-processthreads-l1-1-1.dll
0x00000000031f0000 - 0x00000000031f3000 	D:\Software Installation\BlueJ\lib\javafx\bin\api-ms-win-core-profile-l1-1-0.dll
0x0000000003200000 - 0x0000000003203000 	D:\Software Installation\BlueJ\lib\javafx\bin\api-ms-win-core-rtlsupport-l1-1-0.dll
0x0000000003210000 - 0x0000000003213000 	D:\Software Installation\BlueJ\lib\javafx\bin\api-ms-win-core-string-l1-1-0.dll
0x0000000003220000 - 0x0000000003223000 	D:\Software Installation\BlueJ\lib\javafx\bin\api-ms-win-core-synch-l1-1-0.dll
0x0000000003230000 - 0x0000000003233000 	D:\Software Installation\BlueJ\lib\javafx\bin\api-ms-win-core-synch-l1-2-0.dll
0x0000000003240000 - 0x0000000003243000 	D:\Software Installation\BlueJ\lib\javafx\bin\api-ms-win-core-sysinfo-l1-1-0.dll
0x0000000003250000 - 0x0000000003253000 	D:\Software Installation\BlueJ\lib\javafx\bin\api-ms-win-core-timezone-l1-1-0.dll
0x0000000003260000 - 0x0000000003263000 	D:\Software Installation\BlueJ\lib\javafx\bin\api-ms-win-core-util-l1-1-0.dll
0x0000000003270000 - 0x0000000003273000 	D:\Software Installation\BlueJ\lib\javafx\bin\api-ms-win-crt-conio-l1-1-0.dll
0x0000000003280000 - 0x0000000003284000 	D:\Software Installation\BlueJ\lib\javafx\bin\api-ms-win-crt-convert-l1-1-0.dll
0x0000000003290000 - 0x0000000003293000 	D:\Software Installation\BlueJ\lib\javafx\bin\api-ms-win-crt-environment-l1-1-0.dll
0x00000000032a0000 - 0x00000000032a3000 	D:\Software Installation\BlueJ\lib\javafx\bin\api-ms-win-crt-filesystem-l1-1-0.dll
0x00000000032b0000 - 0x00000000032b3000 	D:\Software Installation\BlueJ\lib\javafx\bin\api-ms-win-crt-heap-l1-1-0.dll
0x00000000032c0000 - 0x00000000032c3000 	D:\Software Installation\BlueJ\lib\javafx\bin\api-ms-win-crt-locale-l1-1-0.dll
0x0000000022d90000 - 0x0000000022d95000 	D:\Software Installation\BlueJ\lib\javafx\bin\api-ms-win-crt-math-l1-1-0.dll
0x0000000022da0000 - 0x0000000022da5000 	D:\Software Installation\BlueJ\lib\javafx\bin\api-ms-win-crt-multibyte-l1-1-0.dll
0x0000000022db0000 - 0x0000000022dc0000 	D:\Software Installation\BlueJ\lib\javafx\bin\api-ms-win-crt-private-l1-1-0.dll
0x0000000022dc0000 - 0x0000000022dc3000 	D:\Software Installation\BlueJ\lib\javafx\bin\api-ms-win-crt-process-l1-1-0.dll
0x0000000022dd0000 - 0x0000000022dd4000 	D:\Software Installation\BlueJ\lib\javafx\bin\api-ms-win-crt-runtime-l1-1-0.dll
0x0000000022de0000 - 0x0000000022de4000 	D:\Software Installation\BlueJ\lib\javafx\bin\api-ms-win-crt-stdio-l1-1-0.dll
0x0000000022df0000 - 0x0000000022df4000 	D:\Software Installation\BlueJ\lib\javafx\bin\api-ms-win-crt-string-l1-1-0.dll
0x0000000022e00000 - 0x0000000022e03000 	D:\Software Installation\BlueJ\lib\javafx\bin\api-ms-win-crt-time-l1-1-0.dll
0x0000000022e10000 - 0x0000000022e13000 	D:\Software Installation\BlueJ\lib\javafx\bin\api-ms-win-crt-utility-l1-1-0.dll
0x00007ffe0ab10000 - 0x00007ffe0ac0a000 	D:\Software Installation\BlueJ\lib\javafx\bin\ucrtbase.dll
0x00007ffe19440000 - 0x00007ffe19456000 	D:\Software Installation\BlueJ\lib\javafx\bin\vcruntime140.dll
0x00007ffe18c80000 - 0x00007ffe18d26000 	D:\Software Installation\BlueJ\lib\javafx\bin\msvcp140.dll
0x00007ffe100b0000 - 0x00007ffe10101000 	D:\Software Installation\BlueJ\lib\javafx\bin\concrt140.dll
0x00007ffe18e20000 - 0x00007ffe18e43000 	D:\Software Installation\BlueJ\lib\javafx\bin\prism_d3d.dll
0x00007ffe005a0000 - 0x00007ffe00767000 	C:\WINDOWS\system32\d3d9.dll
0x00007ffe27700000 - 0x00007ffe2772d000 	C:\WINDOWS\SYSTEM32\dwmapi.dll
0x00007ffe27f00000 - 0x00007ffe27f20000 	C:\WINDOWS\SYSTEM32\dxcore.dll
0x00007ffe27220000 - 0x00007ffe272b9000 	C:\WINDOWS\system32\uxtheme.dll
0x00007ffdd2ee0000 - 0x00007ffdd541d000 	C:\WINDOWS\SYSTEM32\igdumdim64.dll
0x00007ffe2c2b0000 - 0x00007ffe2c375000 	C:\WINDOWS\System32\OLEAUT32.dll
0x00007ffe2af90000 - 0x00007ffe2b0e7000 	C:\WINDOWS\System32\ole32.dll
0x00007ffe2a4f0000 - 0x00007ffe2a960000 	C:\WINDOWS\System32\SETUPAPI.dll
0x00007ffe2a050000 - 0x00007ffe2a076000 	C:\WINDOWS\System32\bcrypt.dll
0x00007ffe10060000 - 0x00007ffe100a5000 	D:\Software Installation\BlueJ\lib\javafx\bin\glass.dll
0x00007ffe2ba10000 - 0x00007ffe2bae0000 	C:\WINDOWS\System32\COMDLG32.dll
0x00007ffe0a4c0000 - 0x00007ffe0a569000 	C:\WINDOWS\WinSxS\amd64_microsoft.windows.common-controls_6595b64144ccf1df_5.82.18362.1256_none_73b4ccbed8148ea3\COMCTL32.dll
0x00007ffe2ae30000 - 0x00007ffe2af65000 	C:\WINDOWS\System32\MSCTF.dll
0x00007ffe1fbe0000 - 0x00007ffe2061f000 	C:\WINDOWS\SYSTEM32\igdusc64.dll
0x00007ffe114e0000 - 0x00007ffe114f4000 	D:\Software Installation\BlueJ\lib\javafx\bin\javafx_font.dll
0x00007ffe1a950000 - 0x00007ffe1ac4e000 	C:\WINDOWS\SYSTEM32\dwrite.dll
0x00007ffe2b960000 - 0x00007ffe2ba02000 	C:\WINDOWS\System32\clbcatq.dll
0x00007ffe19080000 - 0x00007ffe19304000 	C:\WINDOWS\WinSxS\amd64_microsoft.windows.common-controls_6595b64144ccf1df_6.0.18362.1256_none_9e7e379be45e40e2\comctl32.dll
0x00007ffe24590000 - 0x00007ffe2473f000 	C:\WINDOWS\SYSTEM32\WindowsCodecs.dll
0x00007ffe193c0000 - 0x00007ffe193fa000 	C:\WINDOWS\system32\dataexchange.dll
0x00007ffe26870000 - 0x00007ffe26a4d000 	C:\WINDOWS\system32\dcomp.dll
0x00007ffe26610000 - 0x00007ffe2686b000 	C:\WINDOWS\system32\d3d11.dll
0x00007ffe27f90000 - 0x00007ffe2807b000 	C:\WINDOWS\system32\dxgi.dll
0x00007ffe272f0000 - 0x00007ffe27552000 	C:\WINDOWS\system32\twinapi.appcore.dll
0x00007ffe27730000 - 0x00007ffe27759000 	C:\WINDOWS\system32\RMCLIENT.dll
0x00007ffe10e80000 - 0x00007ffe10eb3000 	C:\Program Files\Common Files\Microsoft Shared\Ink\rtscom.dll
0x00007ffe21270000 - 0x00007ffe2130e000 	C:\WINDOWS\System32\TextInputFramework.dll
0x00007ffe24e20000 - 0x00007ffe2514a000 	C:\WINDOWS\System32\CoreUIComponents.dll
0x00007ffe26df0000 - 0x00007ffe26ec4000 	C:\WINDOWS\System32\CoreMessaging.dll
0x00007ffe283b0000 - 0x00007ffe283e1000 	C:\WINDOWS\SYSTEM32\ntmarta.dll
0x00007ffe24bc0000 - 0x00007ffe24d13000 	C:\WINDOWS\SYSTEM32\wintypes.dll
0x00007ffe1b8c0000 - 0x00007ffe1bb67000 	C:\WINDOWS\System32\iertutil.dll
0x00007ffdfd270000 - 0x00007ffdfd409000 	D:\Software Installation\BlueJ\jdk\bin\awt.dll
0x00007ffe27100000 - 0x00007ffe2718f000 	C:\WINDOWS\SYSTEM32\apphelp.dll
0x00007ffe1d050000 - 0x00007ffe1d1a6000 	C:\WINDOWS\system32\opengl32.dll
0x00007ffe20c90000 - 0x00007ffe20cbc000 	C:\WINDOWS\SYSTEM32\GLU32.dll
0x00007ffe28820000 - 0x00007ffe288eb000 	C:\WINDOWS\SYSTEM32\DNSAPI.dll
0x00007ffe2ac40000 - 0x00007ffe2ac48000 	C:\WINDOWS\System32\NSI.dll

dbghelp: loaded successfully - version: 4.0.5 - missing functions: none
symbol engine: initialized successfully - sym options: 0x614 - pdb path: .;D:\Software Installation\BlueJ;C:\WINDOWS\SYSTEM32;D:\Software Installation\BlueJ\jdk\bin\server;D:\Software Installation\BlueJ\jdk\bin;D:\Software Installation\BlueJ\lib\javafx\bin;C:\WINDOWS\WinSxS\amd64_microsoft.windows.common-controls_6595b64144ccf1df_5.82.18362.1256_none_73b4ccbed8148ea3;C:\WINDOWS\WinSxS\amd64_microsoft.windows.common-controls_6595b64144ccf1df_6.0.18362.1256_none_9e7e379be45e40e2;C:\Program Files\Common Files\Microsoft Shared\Ink;C:\Program Files\Bonjour

VM Arguments:
jvm_args: -Dhttps.protocols=TLSv1,TLSv1.1,TLSv1.2 
java_command: <unknown>
java_class_path (initial): D:\Software Installation\BlueJ\lib\bluej.jar;D:\Software Installation\BlueJ\lib\javafx\lib\javafx.base.jar;D:\Software Installation\BlueJ\lib\javafx\lib\javafx.controls.jar;D:\Software Installation\BlueJ\lib\javafx\lib\javafx.fxml.jar;D:\Software Installation\BlueJ\lib\javafx\lib\javafx.graphics.jar;D:\Software Installation\BlueJ\lib\javafx\lib\javafx.media.jar;D:\Software Installation\BlueJ\lib\javafx\lib\javafx.properties.jar;D:\Software Installation\BlueJ\lib\javafx\lib\javafx.swing.jar;D:\Software Installation\BlueJ\lib\javafx\lib\javafx.web.jar
Launcher Type: generic

[Global flags]
     intx CICompilerCount                          = 3                                         {product} {ergonomic}
     uint ConcGCThreads                            = 1                                         {product} {ergonomic}
     uint G1ConcRefinementThreads                  = 4                                         {product} {ergonomic}
   size_t G1HeapRegionSize                         = 1048576                                   {product} {ergonomic}
    uintx GCDrainStackTargetSize                   = 64                                        {product} {ergonomic}
   size_t InitialHeapSize                          = 67108864                                  {product} {ergonomic}
   size_t MarkStackSize                            = 4194304                                   {product} {ergonomic}
   size_t MaxHeapSize                              = 1052770304                                {product} {ergonomic}
   size_t MaxNewSize                               = 631242752                                 {product} {ergonomic}
   size_t MinHeapDeltaBytes                        = 1048576                                   {product} {ergonomic}
    uintx NonNMethodCodeHeapSize                   = 5830732                                {pd product} {ergonomic}
    uintx NonProfiledCodeHeapSize                  = 122913754                              {pd product} {ergonomic}
    uintx ProfiledCodeHeapSize                     = 122913754                              {pd product} {ergonomic}
    uintx ReservedCodeCacheSize                    = 251658240                              {pd product} {ergonomic}
     bool SegmentedCodeCache                       = true                                      {product} {ergonomic}
     bool UseCompressedClassPointers               = true                                 {lp64_product} {ergonomic}
     bool UseCompressedOops                        = true                                 {lp64_product} {ergonomic}
     bool UseG1GC                                  = true                                      {product} {ergonomic}
     bool UseLargePagesIndividualAllocation        = false                                  {pd product} {ergonomic}

Logging:
Log output configuration:
 #0: stdout all=warning uptime,level,tags
 #1: stderr all=off uptime,level,tags

Environment Variables:
PATH=C:\Program Files (x86)\Intel\iCLS Client\;C:\Program Files\Intel\iCLS Client\;C:\WINDOWS\system32;C:\WINDOWS;C:\WINDOWS\System32\Wbem;C:\WINDOWS\System32\WindowsPowerShell\v1.0\;C:\Program Files (x86)\Intel\Intel(R) Management Engine Components\DAL;C:\Program Files\Intel\Intel(R) Management Engine Components\DAL;C:\Program Files (x86)\Intel\Intel(R) Management Engine Components\IPT;C:\Program Files\Intel\Intel(R) Management Engine Components\IPT;C:\WINDOWS\System32\OpenSSH\;C:\Program Files\Java\jdk1.8.0_291\bin;C:\Users\talha\AppData\Local\Microsoft\WindowsApps
USERNAME=talha
OS=Windows_NT
PROCESSOR_IDENTIFIER=Intel64 Family 6 Model 61 Stepping 4, GenuineIntel



---------------  S Y S T E M  ---------------

OS: Windows 10 , 64 bit Build 18362 (10.0.18362.1110)
OS uptime: 48 days 14:26 hours

CPU:total 4 (initial active 4) (2 cores per cpu, 2 threads per core) family 6 model 61 stepping 4 microcode 0x2d, cmov, cx8, fxsr, mmx, sse, sse2, sse3, ssse3, sse4.1, sse4.2, popcnt, avx, avx2, aes, clmul, erms, 3dnowpref, lzcnt, ht, tsc, tscinvbit, bmi1, bmi2, adx, fma

Memory: 4k page, system-wide physical 4011M (363M free)
TotalPageFile size 7602M (AvailPageFile size 63M)
current process WorkingSet (physical memory assigned to process): 520M, peak: 551M
current process commit charge ("private bytes"): 529M, peak: 593M

vm_info: OpenJDK 64-Bit Server VM (11.0.10+9) for windows-amd64 JRE (11.0.10+9), built on Jan 20 2021 06:07:07 by "" with MS VC++ 15.9 (VS2017)

END.
